{"C:\\code\\planning-teimas\\expo-env.d.ts": {"path":"C:\\code\\planning-teimas\\expo-env.d.ts","statementMap":{},"fnMap":{},"branchMap":{},"s":{},"f":{},"b":{}}
,"C:\\code\\planning-teimas\\.expo\\types\\router.d.ts": {"path":"C:\\code\\planning-teimas\\.expo\\types\\router.d.ts","statementMap":{},"fnMap":{},"branchMap":{},"s":{},"f":{},"b":{}}
,"C:\\code\\planning-teimas\\app\\_layout.tsx": {"path":"C:\\code\\planning-teimas\\app\\_layout.tsx","statementMap":{"0":{"start":{"line":21,"column":2},"end":{"line":34,"column":4}}},"fnMap":{"0":{"name":"RootLayout","decl":{"start":{"line":20,"column":24},"end":{"line":20,"column":34}},"loc":{"start":{"line":20,"column":37},"end":{"line":35,"column":1}},"line":20}},"branchMap":{},"s":{"0":0},"f":{"0":0},"b":{}}
,"C:\\code\\planning-teimas\\app\\home.tsx": {"path":"C:\\code\\planning-teimas\\app\\home.tsx","statementMap":{"0":{"start":{"line":13,"column":16},"end":{"line":13,"column":32}},"1":{"start":{"line":14,"column":36},"end":{"line":14,"column":48}},"2":{"start":{"line":15,"column":38},"end":{"line":15,"column":52}},"3":{"start":{"line":17,"column":15},"end":{"line":17,"column":48}},"4":{"start":{"line":17,"column":37},"end":{"line":17,"column":47}},"5":{"start":{"line":19,"column":57},"end":{"line":19,"column":74}},"6":{"start":{"line":21,"column":30},"end":{"line":41,"column":3}},"7":{"start":{"line":22,"column":4},"end":{"line":40,"column":5}},"8":{"start":{"line":23,"column":6},"end":{"line":23,"column":54}},"9":{"start":{"line":24,"column":24},"end":{"line":24,"column":91}},"10":{"start":{"line":25,"column":6},"end":{"line":25,"column":93}},"11":{"start":{"line":28,"column":6},"end":{"line":33,"column":14}},"12":{"start":{"line":29,"column":8},"end":{"line":32,"column":11}},"13":{"start":{"line":35,"column":6},"end":{"line":35,"column":54}},"14":{"start":{"line":36,"column":6},"end":{"line":39,"column":8}},"15":{"start":{"line":43,"column":28},"end":{"line":69,"column":3}},"16":{"start":{"line":44,"column":4},"end":{"line":50,"column":5}},"17":{"start":{"line":45,"column":6},"end":{"line":48,"column":8}},"18":{"start":{"line":49,"column":6},"end":{"line":49,"column":13}},"19":{"start":{"line":52,"column":4},"end":{"line":68,"column":5}},"20":{"start":{"line":53,"column":33},"end":{"line":53,"column":63}},"21":{"start":{"line":54,"column":6},"end":{"line":54,"column":65}},"22":{"start":{"line":57,"column":6},"end":{"line":62,"column":14}},"23":{"start":{"line":58,"column":8},"end":{"line":61,"column":11}},"24":{"start":{"line":64,"column":6},"end":{"line":67,"column":8}},"25":{"start":{"line":71,"column":21},"end":{"line":74,"column":3}},"26":{"start":{"line":72,"column":4},"end":{"line":72,"column":31}},"27":{"start":{"line":73,"column":4},"end":{"line":73,"column":21}},"28":{"start":{"line":76,"column":2},"end":{"line":137,"column":4}},"29":{"start":{"line":140,"column":15},"end":{"line":182,"column":2}}},"fnMap":{"0":{"name":"HomeScreen","decl":{"start":{"line":12,"column":24},"end":{"line":12,"column":34}},"loc":{"start":{"line":12,"column":37},"end":{"line":138,"column":1}},"line":12},"1":{"name":"(anonymous_1)","decl":{"start":{"line":17,"column":28},"end":{"line":17,"column":29}},"loc":{"start":{"line":17,"column":37},"end":{"line":17,"column":47}},"line":17},"2":{"name":"(anonymous_2)","decl":{"start":{"line":21,"column":30},"end":{"line":21,"column":31}},"loc":{"start":{"line":21,"column":42},"end":{"line":41,"column":3}},"line":21},"3":{"name":"(anonymous_3)","decl":{"start":{"line":28,"column":17},"end":{"line":28,"column":18}},"loc":{"start":{"line":28,"column":23},"end":{"line":33,"column":7}},"line":28},"4":{"name":"(anonymous_4)","decl":{"start":{"line":43,"column":28},"end":{"line":43,"column":29}},"loc":{"start":{"line":43,"column":40},"end":{"line":69,"column":3}},"line":43},"5":{"name":"(anonymous_5)","decl":{"start":{"line":57,"column":17},"end":{"line":57,"column":18}},"loc":{"start":{"line":57,"column":23},"end":{"line":62,"column":7}},"line":57},"6":{"name":"(anonymous_6)","decl":{"start":{"line":71,"column":21},"end":{"line":71,"column":22}},"loc":{"start":{"line":71,"column":27},"end":{"line":74,"column":3}},"line":71}},"branchMap":{"0":{"loc":{"start":{"line":24,"column":71},"end":{"line":24,"column":90}},"type":"binary-expr","locations":[{"start":{"line":24,"column":71},"end":{"line":24,"column":75}},{"start":{"line":24,"column":79},"end":{"line":24,"column":90}}],"line":24},"1":{"loc":{"start":{"line":38,"column":8},"end":{"line":38,"column":62}},"type":"cond-expr","locations":[{"start":{"line":38,"column":33},"end":{"line":38,"column":46}},{"start":{"line":38,"column":49},"end":{"line":38,"column":62}}],"line":38},"2":{"loc":{"start":{"line":44,"column":4},"end":{"line":50,"column":5}},"type":"if","locations":[{"start":{"line":44,"column":4},"end":{"line":50,"column":5}},{"start":{},"end":{}}],"line":44},"3":{"loc":{"start":{"line":54,"column":44},"end":{"line":54,"column":63}},"type":"binary-expr","locations":[{"start":{"line":54,"column":44},"end":{"line":54,"column":48}},{"start":{"line":54,"column":52},"end":{"line":54,"column":63}}],"line":54},"4":{"loc":{"start":{"line":66,"column":8},"end":{"line":66,"column":62}},"type":"cond-expr","locations":[{"start":{"line":66,"column":33},"end":{"line":66,"column":46}},{"start":{"line":66,"column":49},"end":{"line":66,"column":62}}],"line":66},"5":{"loc":{"start":{"line":84,"column":7},"end":{"line":133,"column":7}},"type":"cond-expr","locations":[{"start":{"line":85,"column":8},"end":{"line":105,"column":15}},{"start":{"line":107,"column":8},"end":{"line":132,"column":15}}],"line":84},"6":{"loc":{"start":{"line":123,"column":22},"end":{"line":123,"column":50}},"type":"binary-expr","locations":[{"start":{"line":123,"column":22},"end":{"line":123,"column":39}},{"start":{"line":123,"column":43},"end":{"line":123,"column":50}}],"line":123}},"s":{"0":0,"1":0,"2":0,"3":0,"4":0,"5":0,"6":0,"7":0,"8":0,"9":0,"10":0,"11":0,"12":0,"13":0,"14":0,"15":0,"16":0,"17":0,"18":0,"19":0,"20":0,"21":0,"22":0,"23":0,"24":0,"25":0,"26":0,"27":0,"28":0,"29":0},"f":{"0":0,"1":0,"2":0,"3":0,"4":0,"5":0,"6":0},"b":{"0":[0,0],"1":[0,0],"2":[0,0],"3":[0,0],"4":[0,0],"5":[0,0],"6":[0,0]}}
,"C:\\code\\planning-teimas\\app\\index.tsx": {"path":"C:\\code\\planning-teimas\\app\\index.tsx","statementMap":{"0":{"start":{"line":4,"column":2},"end":{"line":4,"column":36}}},"fnMap":{"0":{"name":"Index","decl":{"start":{"line":3,"column":24},"end":{"line":3,"column":29}},"loc":{"start":{"line":3,"column":32},"end":{"line":5,"column":1}},"line":3}},"branchMap":{},"s":{"0":0},"f":{"0":0},"b":{}}
,"C:\\code\\planning-teimas\\app\\login.tsx": {"path":"C:\\code\\planning-teimas\\app\\login.tsx","statementMap":{"0":{"start":{"line":12,"column":16},"end":{"line":12,"column":32}},"1":{"start":{"line":13,"column":26},"end":{"line":13,"column":38}},"2":{"start":{"line":15,"column":25},"end":{"line":22,"column":3}},"3":{"start":{"line":16,"column":4},"end":{"line":21,"column":5}},"4":{"start":{"line":17,"column":6},"end":{"line":17,"column":44}},"5":{"start":{"line":18,"column":6},"end":{"line":18,"column":27}},"6":{"start":{"line":24,"column":2},"end":{"line":49,"column":4}},"7":{"start":{"line":52,"column":15},"end":{"line":75,"column":2}}},"fnMap":{"0":{"name":"LoginScreen","decl":{"start":{"line":11,"column":24},"end":{"line":11,"column":35}},"loc":{"start":{"line":11,"column":38},"end":{"line":50,"column":1}},"line":11},"1":{"name":"(anonymous_1)","decl":{"start":{"line":15,"column":25},"end":{"line":15,"column":26}},"loc":{"start":{"line":15,"column":31},"end":{"line":22,"column":3}},"line":15}},"branchMap":{"0":{"loc":{"start":{"line":16,"column":4},"end":{"line":21,"column":5}},"type":"if","locations":[{"start":{"line":16,"column":4},"end":{"line":21,"column":5}},{"start":{"line":19,"column":11},"end":{"line":21,"column":5}}],"line":16}},"s":{"0":0,"1":0,"2":0,"3":0,"4":0,"5":0,"6":0,"7":0},"f":{"0":0,"1":0},"b":{"0":[0,0]}}
,"C:\\code\\planning-teimas\\app\\planning-poker.tsx": {"path":"C:\\code\\planning-teimas\\app\\planning-poker.tsx","statementMap":{"0":{"start":{"line":12,"column":20},"end":{"line":12,"column":72}},"1":{"start":{"line":15,"column":16},"end":{"line":15,"column":32}},"2":{"start":{"line":16,"column":19},"end":{"line":16,"column":59}},"3":{"start":{"line":17,"column":42},"end":{"line":17,"column":71}},"4":{"start":{"line":18,"column":36},"end":{"line":18,"column":60}},"5":{"start":{"line":20,"column":27},"end":{"line":24,"column":3}},"6":{"start":{"line":21,"column":4},"end":{"line":23,"column":5}},"7":{"start":{"line":22,"column":6},"end":{"line":22,"column":61}},"8":{"start":{"line":26,"column":22},"end":{"line":29,"column":3}},"9":{"start":{"line":27,"column":4},"end":{"line":27,"column":26}},"10":{"start":{"line":28,"column":4},"end":{"line":28,"column":24}},"11":{"start":{"line":31,"column":24},"end":{"line":35,"column":3}},"12":{"start":{"line":32,"column":4},"end":{"line":34,"column":5}},"13":{"start":{"line":33,"column":6},"end":{"line":33,"column":25}},"14":{"start":{"line":37,"column":2},"end":{"line":100,"column":4}},"15":{"start":{"line":70,"column":12},"end":{"line":74,"column":14}},"16":{"start":{"line":76,"column":34},"end":{"line":76,"column":38}},"17":{"start":{"line":103,"column":15},"end":{"line":144,"column":2}}},"fnMap":{"0":{"name":"PlanningPokerScreen","decl":{"start":{"line":14,"column":24},"end":{"line":14,"column":43}},"loc":{"start":{"line":14,"column":46},"end":{"line":101,"column":1}},"line":14},"1":{"name":"(anonymous_1)","decl":{"start":{"line":20,"column":27},"end":{"line":20,"column":28}},"loc":{"start":{"line":20,"column":46},"end":{"line":24,"column":3}},"line":20},"2":{"name":"(anonymous_2)","decl":{"start":{"line":26,"column":22},"end":{"line":26,"column":23}},"loc":{"start":{"line":26,"column":28},"end":{"line":29,"column":3}},"line":26},"3":{"name":"(anonymous_3)","decl":{"start":{"line":31,"column":24},"end":{"line":31,"column":25}},"loc":{"start":{"line":31,"column":30},"end":{"line":35,"column":3}},"line":31},"4":{"name":"(anonymous_4)","decl":{"start":{"line":53,"column":24},"end":{"line":53,"column":25}},"loc":{"start":{"line":53,"column":30},"end":{"line":53,"column":32}},"line":53},"5":{"name":"(anonymous_5)","decl":{"start":{"line":69,"column":22},"end":{"line":69,"column":23}},"loc":{"start":{"line":70,"column":12},"end":{"line":74,"column":14}},"line":70},"6":{"name":"(anonymous_6)","decl":{"start":{"line":76,"column":24},"end":{"line":76,"column":25}},"loc":{"start":{"line":76,"column":34},"end":{"line":76,"column":38}},"line":76}},"branchMap":{"0":{"loc":{"start":{"line":21,"column":4},"end":{"line":23,"column":5}},"type":"if","locations":[{"start":{"line":21,"column":4},"end":{"line":23,"column":5}},{"start":{},"end":{}}],"line":21},"1":{"loc":{"start":{"line":22,"column":22},"end":{"line":22,"column":59}},"type":"cond-expr","locations":[{"start":{"line":22,"column":47},"end":{"line":22,"column":51}},{"start":{"line":22,"column":54},"end":{"line":22,"column":59}}],"line":22},"2":{"loc":{"start":{"line":32,"column":4},"end":{"line":34,"column":5}},"type":"if","locations":[{"start":{"line":32,"column":4},"end":{"line":34,"column":5}},{"start":{},"end":{}}],"line":32},"3":{"loc":{"start":{"line":48,"column":9},"end":{"line":60,"column":9}},"type":"cond-expr","locations":[{"start":{"line":49,"column":10},"end":{"line":55,"column":17}},{"start":{"line":57,"column":10},"end":{"line":59,"column":23}}],"line":48},"4":{"loc":{"start":{"line":94,"column":20},"end":{"line":94,"column":46}},"type":"binary-expr","locations":[{"start":{"line":94,"column":20},"end":{"line":94,"column":33}},{"start":{"line":94,"column":37},"end":{"line":94,"column":46}}],"line":94}},"s":{"0":0,"1":0,"2":0,"3":0,"4":0,"5":0,"6":0,"7":0,"8":0,"9":0,"10":0,"11":0,"12":0,"13":0,"14":0,"15":0,"16":0,"17":0},"f":{"0":0,"1":0,"2":0,"3":0,"4":0,"5":0,"6":0},"b":{"0":[0,0],"1":[0,0],"2":[0,0],"3":[0,0],"4":[0,0]}}
,"C:\\code\\planning-teimas\\app\\planning-session.tsx": {"path":"C:\\code\\planning-teimas\\app\\planning-session.tsx","statementMap":{"0":{"start":{"line":17,"column":20},"end":{"line":17,"column":72}},"1":{"start":{"line":20,"column":23},"end":{"line":20,"column":58}},"2":{"start":{"line":35,"column":16},"end":{"line":35,"column":32}},"3":{"start":{"line":36,"column":17},"end":{"line":36,"column":55}},"4":{"start":{"line":37,"column":42},"end":{"line":37,"column":71}},"5":{"start":{"line":48,"column":6},"end":{"line":48,"column":23}},"6":{"start":{"line":51,"column":17},"end":{"line":51,"column":67}},"7":{"start":{"line":54,"column":2},"end":{"line":72,"column":27}},"8":{"start":{"line":55,"column":4},"end":{"line":71,"column":5}},"9":{"start":{"line":56,"column":6},"end":{"line":56,"column":53}},"10":{"start":{"line":57,"column":6},"end":{"line":70,"column":7}},"11":{"start":{"line":59,"column":8},"end":{"line":66,"column":13}},"12":{"start":{"line":61,"column":12},"end":{"line":61,"column":60}},"13":{"start":{"line":64,"column":12},"end":{"line":64,"column":60}},"14":{"start":{"line":65,"column":12},"end":{"line":65,"column":118}},"15":{"start":{"line":68,"column":8},"end":{"line":68,"column":61}},"16":{"start":{"line":69,"column":8},"end":{"line":69,"column":113}},"17":{"start":{"line":74,"column":2},"end":{"line":81,"column":27}},"18":{"start":{"line":76,"column":4},"end":{"line":80,"column":5}},"19":{"start":{"line":77,"column":6},"end":{"line":77,"column":47}},"20":{"start":{"line":79,"column":6},"end":{"line":79,"column":28}},"21":{"start":{"line":83,"column":2},"end":{"line":90,"column":9}},"22":{"start":{"line":85,"column":4},"end":{"line":89,"column":6}},"23":{"start":{"line":86,"column":6},"end":{"line":88,"column":7}},"24":{"start":{"line":87,"column":8},"end":{"line":87,"column":23}},"25":{"start":{"line":92,"column":27},"end":{"line":99,"column":3}},"26":{"start":{"line":93,"column":4},"end":{"line":93,"column":43}},"27":{"start":{"line":93,"column":36},"end":{"line":93,"column":43}},"28":{"start":{"line":95,"column":4},"end":{"line":95,"column":59}},"29":{"start":{"line":96,"column":4},"end":{"line":98,"column":5}},"30":{"start":{"line":97,"column":6},"end":{"line":97,"column":28}},"31":{"start":{"line":101,"column":29},"end":{"line":104,"column":3}},"32":{"start":{"line":102,"column":4},"end":{"line":102,"column":46}},"33":{"start":{"line":103,"column":4},"end":{"line":103,"column":28}},"34":{"start":{"line":106,"column":23},"end":{"line":109,"column":3}},"35":{"start":{"line":107,"column":4},"end":{"line":107,"column":43}},"36":{"start":{"line":107,"column":36},"end":{"line":107,"column":43}},"37":{"start":{"line":108,"column":4},"end":{"line":108,"column":24}},"38":{"start":{"line":111,"column":22},"end":{"line":114,"column":3}},"39":{"start":{"line":112,"column":4},"end":{"line":112,"column":43}},"40":{"start":{"line":112,"column":36},"end":{"line":112,"column":43}},"41":{"start":{"line":113,"column":4},"end":{"line":113,"column":23}},"42":{"start":{"line":116,"column":22},"end":{"line":126,"column":3}},"43":{"start":{"line":117,"column":4},"end":{"line":117,"column":20}},"44":{"start":{"line":117,"column":13},"end":{"line":117,"column":20}},"45":{"start":{"line":119,"column":4},"end":{"line":125,"column":5}},"46":{"start":{"line":120,"column":6},"end":{"line":122,"column":9}},"47":{"start":{"line":124,"column":6},"end":{"line":124,"column":45}},"48":{"start":{"line":128,"column":26},"end":{"line":133,"column":3}},"49":{"start":{"line":129,"column":4},"end":{"line":129,"column":20}},"50":{"start":{"line":129,"column":13},"end":{"line":129,"column":20}},"51":{"start":{"line":131,"column":4},"end":{"line":131,"column":39}},"52":{"start":{"line":132,"column":4},"end":{"line":132,"column":37}},"53":{"start":{"line":136,"column":27},"end":{"line":191,"column":3}},"54":{"start":{"line":137,"column":4},"end":{"line":137,"column":67}},"55":{"start":{"line":137,"column":55},"end":{"line":137,"column":67}},"56":{"start":{"line":139,"column":18},"end":{"line":141,"column":54}},"57":{"start":{"line":140,"column":16},"end":{"line":140,"column":22}},"58":{"start":{"line":141,"column":19},"end":{"line":141,"column":41}},"59":{"start":{"line":143,"column":4},"end":{"line":143,"column":40}},"60":{"start":{"line":143,"column":28},"end":{"line":143,"column":40}},"61":{"start":{"line":146,"column":25},"end":{"line":146,"column":50}},"62":{"start":{"line":146,"column":40},"end":{"line":146,"column":49}},"63":{"start":{"line":147,"column":20},"end":{"line":147,"column":91}},"64":{"start":{"line":147,"column":55},"end":{"line":147,"column":65}},"65":{"start":{"line":150,"column":46},"end":{"line":150,"column":48}},"66":{"start":{"line":151,"column":4},"end":{"line":153,"column":7}},"67":{"start":{"line":152,"column":6},"end":{"line":152,"column":51}},"68":{"start":{"line":155,"column":23},"end":{"line":155,"column":31}},"69":{"start":{"line":156,"column":19},"end":{"line":156,"column":20}},"70":{"start":{"line":158,"column":4},"end":{"line":163,"column":7}},"71":{"start":{"line":159,"column":6},"end":{"line":162,"column":7}},"72":{"start":{"line":160,"column":8},"end":{"line":160,"column":25}},"73":{"start":{"line":161,"column":8},"end":{"line":161,"column":28}},"74":{"start":{"line":166,"column":20},"end":{"line":183,"column":6}},"75":{"start":{"line":166,"column":71},"end":{"line":170,"column":5}},"76":{"start":{"line":172,"column":19},"end":{"line":172,"column":38}},"77":{"start":{"line":173,"column":19},"end":{"line":173,"column":38}},"78":{"start":{"line":175,"column":6},"end":{"line":177,"column":7}},"79":{"start":{"line":176,"column":8},"end":{"line":176,"column":27}},"80":{"start":{"line":179,"column":6},"end":{"line":179,"column":32}},"81":{"start":{"line":179,"column":23},"end":{"line":179,"column":32}},"82":{"start":{"line":180,"column":6},"end":{"line":180,"column":33}},"83":{"start":{"line":180,"column":23},"end":{"line":180,"column":33}},"84":{"start":{"line":182,"column":6},"end":{"line":182,"column":15}},"85":{"start":{"line":185,"column":4},"end":{"line":190,"column":6}},"86":{"start":{"line":194,"column":32},"end":{"line":218,"column":3}},"87":{"start":{"line":195,"column":4},"end":{"line":195,"column":67}},"88":{"start":{"line":195,"column":55},"end":{"line":195,"column":67}},"89":{"start":{"line":197,"column":63},"end":{"line":197,"column":65}},"90":{"start":{"line":200,"column":4},"end":{"line":207,"column":7}},"91":{"start":{"line":201,"column":6},"end":{"line":206,"column":7}},"92":{"start":{"line":202,"column":8},"end":{"line":204,"column":9}},"93":{"start":{"line":203,"column":10},"end":{"line":203,"column":53}},"94":{"start":{"line":205,"column":8},"end":{"line":205,"column":64}},"95":{"start":{"line":210,"column":25},"end":{"line":215,"column":6}},"96":{"start":{"line":212,"column":6},"end":{"line":212,"column":49}},"97":{"start":{"line":212,"column":40},"end":{"line":212,"column":49}},"98":{"start":{"line":213,"column":6},"end":{"line":213,"column":50}},"99":{"start":{"line":213,"column":40},"end":{"line":213,"column":50}},"100":{"start":{"line":214,"column":6},"end":{"line":214,"column":41}},"101":{"start":{"line":217,"column":4},"end":{"line":217,"column":24}},"102":{"start":{"line":221,"column":31},"end":{"line":226,"column":3}},"103":{"start":{"line":222,"column":4},"end":{"line":222,"column":64}},"104":{"start":{"line":222,"column":54},"end":{"line":222,"column":64}},"105":{"start":{"line":224,"column":4},"end":{"line":225,"column":60}},"106":{"start":{"line":225,"column":19},"end":{"line":225,"column":58}},"107":{"start":{"line":228,"column":18},"end":{"line":228,"column":36}},"108":{"start":{"line":229,"column":28},"end":{"line":229,"column":50}},"109":{"start":{"line":230,"column":29},"end":{"line":230,"column":52}},"110":{"start":{"line":232,"column":28},"end":{"line":270,"column":3}},"111":{"start":{"line":233,"column":21},"end":{"line":233,"column":32}},"112":{"start":{"line":234,"column":26},"end":{"line":234,"column":60}},"113":{"start":{"line":235,"column":24},"end":{"line":235,"column":55}},"114":{"start":{"line":237,"column":4},"end":{"line":269,"column":6}},"115":{"start":{"line":273,"column":30},"end":{"line":300,"column":3}},"116":{"start":{"line":274,"column":4},"end":{"line":274,"column":42}},"117":{"start":{"line":274,"column":20},"end":{"line":274,"column":42}},"118":{"start":{"line":277,"column":21},"end":{"line":277,"column":30}},"119":{"start":{"line":280,"column":40},"end":{"line":297,"column":5}},"120":{"start":{"line":299,"column":4},"end":{"line":299,"column":46}},"121":{"start":{"line":302,"column":40},"end":{"line":319,"column":3}},"122":{"start":{"line":303,"column":24},"end":{"line":303,"column":55}},"123":{"start":{"line":304,"column":26},"end":{"line":304,"column":60}},"124":{"start":{"line":305,"column":22},"end":{"line":305,"column":57}},"125":{"start":{"line":306,"column":21},"end":{"line":306,"column":32}},"126":{"start":{"line":308,"column":4},"end":{"line":318,"column":6}},"127":{"start":{"line":322,"column":33},"end":{"line":338,"column":3}},"128":{"start":{"line":323,"column":24},"end":{"line":323,"column":62}},"129":{"start":{"line":325,"column":4},"end":{"line":337,"column":6}},"130":{"start":{"line":341,"column":26},"end":{"line":362,"column":3}},"131":{"start":{"line":342,"column":4},"end":{"line":361,"column":6}},"132":{"start":{"line":358,"column":43},"end":{"line":358,"column":78}},"133":{"start":{"line":364,"column":2},"end":{"line":385,"column":3}},"134":{"start":{"line":365,"column":25},"end":{"line":365,"column":51}},"135":{"start":{"line":366,"column":4},"end":{"line":366,"column":99}},"136":{"start":{"line":368,"column":4},"end":{"line":384,"column":6}},"137":{"start":{"line":378,"column":27},"end":{"line":378,"column":50}},"138":{"start":{"line":387,"column":2},"end":{"line":498,"column":4}},"139":{"start":{"line":412,"column":38},"end":{"line":412,"column":45}},"140":{"start":{"line":425,"column":14},"end":{"line":431,"column":16}},"141":{"start":{"line":442,"column":36},"end":{"line":442,"column":43}},"142":{"start":{"line":501,"column":15},"end":{"line":688,"column":2}}},"fnMap":{"0":{"name":"PlanningSessionScreen","decl":{"start":{"line":34,"column":24},"end":{"line":34,"column":45}},"loc":{"start":{"line":34,"column":48},"end":{"line":499,"column":1}},"line":34},"1":{"name":"(anonymous_1)","decl":{"start":{"line":54,"column":12},"end":{"line":54,"column":13}},"loc":{"start":{"line":54,"column":18},"end":{"line":72,"column":3}},"line":54},"2":{"name":"(anonymous_2)","decl":{"start":{"line":60,"column":16},"end":{"line":60,"column":17}},"loc":{"start":{"line":60,"column":22},"end":{"line":62,"column":11}},"line":60},"3":{"name":"(anonymous_3)","decl":{"start":{"line":63,"column":17},"end":{"line":63,"column":18}},"loc":{"start":{"line":63,"column":26},"end":{"line":66,"column":11}},"line":63},"4":{"name":"(anonymous_4)","decl":{"start":{"line":74,"column":12},"end":{"line":74,"column":13}},"loc":{"start":{"line":74,"column":18},"end":{"line":81,"column":3}},"line":74},"5":{"name":"(anonymous_5)","decl":{"start":{"line":83,"column":12},"end":{"line":83,"column":13}},"loc":{"start":{"line":83,"column":18},"end":{"line":90,"column":3}},"line":83},"6":{"name":"(anonymous_6)","decl":{"start":{"line":85,"column":11},"end":{"line":85,"column":12}},"loc":{"start":{"line":85,"column":17},"end":{"line":89,"column":5}},"line":85},"7":{"name":"(anonymous_7)","decl":{"start":{"line":92,"column":27},"end":{"line":92,"column":28}},"loc":{"start":{"line":92,"column":52},"end":{"line":99,"column":3}},"line":92},"8":{"name":"(anonymous_8)","decl":{"start":{"line":101,"column":29},"end":{"line":101,"column":30}},"loc":{"start":{"line":101,"column":35},"end":{"line":104,"column":3}},"line":101},"9":{"name":"(anonymous_9)","decl":{"start":{"line":106,"column":23},"end":{"line":106,"column":24}},"loc":{"start":{"line":106,"column":35},"end":{"line":109,"column":3}},"line":106},"10":{"name":"(anonymous_10)","decl":{"start":{"line":111,"column":22},"end":{"line":111,"column":23}},"loc":{"start":{"line":111,"column":34},"end":{"line":114,"column":3}},"line":111},"11":{"name":"(anonymous_11)","decl":{"start":{"line":116,"column":22},"end":{"line":116,"column":23}},"loc":{"start":{"line":116,"column":34},"end":{"line":126,"column":3}},"line":116},"12":{"name":"(anonymous_12)","decl":{"start":{"line":128,"column":26},"end":{"line":128,"column":27}},"loc":{"start":{"line":128,"column":38},"end":{"line":133,"column":3}},"line":128},"13":{"name":"(anonymous_13)","decl":{"start":{"line":136,"column":27},"end":{"line":136,"column":28}},"loc":{"start":{"line":136,"column":33},"end":{"line":191,"column":3}},"line":136},"14":{"name":"(anonymous_14)","decl":{"start":{"line":140,"column":11},"end":{"line":140,"column":12}},"loc":{"start":{"line":140,"column":16},"end":{"line":140,"column":22}},"line":140},"15":{"name":"(anonymous_15)","decl":{"start":{"line":141,"column":14},"end":{"line":141,"column":15}},"loc":{"start":{"line":141,"column":19},"end":{"line":141,"column":41}},"line":141},"16":{"name":"(anonymous_16)","decl":{"start":{"line":146,"column":35},"end":{"line":146,"column":36}},"loc":{"start":{"line":146,"column":40},"end":{"line":146,"column":49}},"line":146},"17":{"name":"(anonymous_17)","decl":{"start":{"line":147,"column":40},"end":{"line":147,"column":41}},"loc":{"start":{"line":147,"column":55},"end":{"line":147,"column":65}},"line":147},"18":{"name":"(anonymous_18)","decl":{"start":{"line":151,"column":18},"end":{"line":151,"column":19}},"loc":{"start":{"line":151,"column":26},"end":{"line":153,"column":5}},"line":151},"19":{"name":"(anonymous_19)","decl":{"start":{"line":158,"column":38},"end":{"line":158,"column":39}},"loc":{"start":{"line":158,"column":57},"end":{"line":163,"column":5}},"line":158},"20":{"name":"(anonymous_20)","decl":{"start":{"line":166,"column":50},"end":{"line":166,"column":51}},"loc":{"start":{"line":166,"column":71},"end":{"line":170,"column":5}},"line":166},"21":{"name":"(anonymous_21)","decl":{"start":{"line":170,"column":13},"end":{"line":170,"column":14}},"loc":{"start":{"line":170,"column":23},"end":{"line":183,"column":5}},"line":170},"22":{"name":"(anonymous_22)","decl":{"start":{"line":194,"column":32},"end":{"line":194,"column":33}},"loc":{"start":{"line":194,"column":38},"end":{"line":218,"column":3}},"line":194},"23":{"name":"(anonymous_23)","decl":{"start":{"line":200,"column":55},"end":{"line":200,"column":56}},"loc":{"start":{"line":200,"column":70},"end":{"line":207,"column":5}},"line":200},"24":{"name":"(anonymous_24)","decl":{"start":{"line":210,"column":66},"end":{"line":210,"column":67}},"loc":{"start":{"line":210,"column":76},"end":{"line":215,"column":5}},"line":210},"25":{"name":"(anonymous_25)","decl":{"start":{"line":221,"column":31},"end":{"line":221,"column":32}},"loc":{"start":{"line":221,"column":37},"end":{"line":226,"column":3}},"line":221},"26":{"name":"(anonymous_26)","decl":{"start":{"line":225,"column":14},"end":{"line":225,"column":15}},"loc":{"start":{"line":225,"column":19},"end":{"line":225,"column":58}},"line":225},"27":{"name":"(anonymous_27)","decl":{"start":{"line":232,"column":28},"end":{"line":232,"column":29}},"loc":{"start":{"line":232,"column":65},"end":{"line":270,"column":3}},"line":232},"28":{"name":"(anonymous_28)","decl":{"start":{"line":273,"column":30},"end":{"line":273,"column":31}},"loc":{"start":{"line":273,"column":60},"end":{"line":300,"column":3}},"line":273},"29":{"name":"(anonymous_29)","decl":{"start":{"line":302,"column":40},"end":{"line":302,"column":41}},"loc":{"start":{"line":302,"column":77},"end":{"line":319,"column":3}},"line":302},"30":{"name":"(anonymous_30)","decl":{"start":{"line":322,"column":33},"end":{"line":322,"column":34}},"loc":{"start":{"line":322,"column":89},"end":{"line":338,"column":3}},"line":322},"31":{"name":"(anonymous_31)","decl":{"start":{"line":341,"column":26},"end":{"line":341,"column":27}},"loc":{"start":{"line":341,"column":82},"end":{"line":362,"column":3}},"line":341},"32":{"name":"(anonymous_32)","decl":{"start":{"line":349,"column":24},"end":{"line":349,"column":25}},"loc":{"start":{"line":349,"column":30},"end":{"line":349,"column":32}},"line":349},"33":{"name":"(anonymous_33)","decl":{"start":{"line":358,"column":28},"end":{"line":358,"column":29}},"loc":{"start":{"line":358,"column":43},"end":{"line":358,"column":78}},"line":358},"34":{"name":"(anonymous_34)","decl":{"start":{"line":378,"column":21},"end":{"line":378,"column":22}},"loc":{"start":{"line":378,"column":27},"end":{"line":378,"column":50}},"line":378},"35":{"name":"(anonymous_35)","decl":{"start":{"line":412,"column":28},"end":{"line":412,"column":29}},"loc":{"start":{"line":412,"column":38},"end":{"line":412,"column":45}},"line":412},"36":{"name":"(anonymous_36)","decl":{"start":{"line":424,"column":29},"end":{"line":424,"column":30}},"loc":{"start":{"line":425,"column":14},"end":{"line":431,"column":16}},"line":425},"37":{"name":"(anonymous_37)","decl":{"start":{"line":442,"column":26},"end":{"line":442,"column":27}},"loc":{"start":{"line":442,"column":36},"end":{"line":442,"column":43}},"line":442}},"branchMap":{"0":{"loc":{"start":{"line":55,"column":4},"end":{"line":71,"column":5}},"type":"if","locations":[{"start":{"line":55,"column":4},"end":{"line":71,"column":5}},{"start":{},"end":{}}],"line":55},"1":{"loc":{"start":{"line":55,"column":8},"end":{"line":55,"column":29}},"type":"binary-expr","locations":[{"start":{"line":55,"column":8},"end":{"line":55,"column":10}},{"start":{"line":55,"column":14},"end":{"line":55,"column":29}}],"line":55},"2":{"loc":{"start":{"line":65,"column":60},"end":{"line":65,"column":114}},"type":"cond-expr","locations":[{"start":{"line":65,"column":85},"end":{"line":65,"column":98}},{"start":{"line":65,"column":101},"end":{"line":65,"column":114}}],"line":65},"3":{"loc":{"start":{"line":69,"column":55},"end":{"line":69,"column":109}},"type":"cond-expr","locations":[{"start":{"line":69,"column":80},"end":{"line":69,"column":93}},{"start":{"line":69,"column":96},"end":{"line":69,"column":109}}],"line":69},"4":{"loc":{"start":{"line":76,"column":4},"end":{"line":80,"column":5}},"type":"if","locations":[{"start":{"line":76,"column":4},"end":{"line":80,"column":5}},{"start":{"line":78,"column":11},"end":{"line":80,"column":5}}],"line":76},"5":{"loc":{"start":{"line":86,"column":6},"end":{"line":88,"column":7}},"type":"if","locations":[{"start":{"line":86,"column":6},"end":{"line":88,"column":7}},{"start":{},"end":{}}],"line":86},"6":{"loc":{"start":{"line":93,"column":4},"end":{"line":93,"column":43}},"type":"if","locations":[{"start":{"line":93,"column":4},"end":{"line":93,"column":43}},{"start":{},"end":{}}],"line":93},"7":{"loc":{"start":{"line":95,"column":20},"end":{"line":95,"column":57}},"type":"cond-expr","locations":[{"start":{"line":95,"column":45},"end":{"line":95,"column":49}},{"start":{"line":95,"column":52},"end":{"line":95,"column":57}}],"line":95},"8":{"loc":{"start":{"line":96,"column":4},"end":{"line":98,"column":5}},"type":"if","locations":[{"start":{"line":96,"column":4},"end":{"line":98,"column":5}},{"start":{},"end":{}}],"line":96},"9":{"loc":{"start":{"line":107,"column":4},"end":{"line":107,"column":43}},"type":"if","locations":[{"start":{"line":107,"column":4},"end":{"line":107,"column":43}},{"start":{},"end":{}}],"line":107},"10":{"loc":{"start":{"line":107,"column":8},"end":{"line":107,"column":34}},"type":"binary-expr","locations":[{"start":{"line":107,"column":8},"end":{"line":107,"column":23}},{"start":{"line":107,"column":27},"end":{"line":107,"column":34}}],"line":107},"11":{"loc":{"start":{"line":112,"column":4},"end":{"line":112,"column":43}},"type":"if","locations":[{"start":{"line":112,"column":4},"end":{"line":112,"column":43}},{"start":{},"end":{}}],"line":112},"12":{"loc":{"start":{"line":112,"column":8},"end":{"line":112,"column":34}},"type":"binary-expr","locations":[{"start":{"line":112,"column":8},"end":{"line":112,"column":23}},{"start":{"line":112,"column":27},"end":{"line":112,"column":34}}],"line":112},"13":{"loc":{"start":{"line":117,"column":4},"end":{"line":117,"column":20}},"type":"if","locations":[{"start":{"line":117,"column":4},"end":{"line":117,"column":20}},{"start":{},"end":{}}],"line":117},"14":{"loc":{"start":{"line":129,"column":4},"end":{"line":129,"column":20}},"type":"if","locations":[{"start":{"line":129,"column":4},"end":{"line":129,"column":20}},{"start":{},"end":{}}],"line":129},"15":{"loc":{"start":{"line":137,"column":4},"end":{"line":137,"column":67}},"type":"if","locations":[{"start":{"line":137,"column":4},"end":{"line":137,"column":67}},{"start":{},"end":{}}],"line":137},"16":{"loc":{"start":{"line":137,"column":8},"end":{"line":137,"column":53}},"type":"binary-expr","locations":[{"start":{"line":137,"column":8},"end":{"line":137,"column":23}},{"start":{"line":137,"column":27},"end":{"line":137,"column":53}}],"line":137},"17":{"loc":{"start":{"line":141,"column":19},"end":{"line":141,"column":41}},"type":"binary-expr","locations":[{"start":{"line":141,"column":19},"end":{"line":141,"column":20}},{"start":{"line":141,"column":24},"end":{"line":141,"column":41}}],"line":141},"18":{"loc":{"start":{"line":143,"column":4},"end":{"line":143,"column":40}},"type":"if","locations":[{"start":{"line":143,"column":4},"end":{"line":143,"column":40}},{"start":{},"end":{}}],"line":143},"19":{"loc":{"start":{"line":152,"column":25},"end":{"line":152,"column":45}},"type":"binary-expr","locations":[{"start":{"line":152,"column":25},"end":{"line":152,"column":40}},{"start":{"line":152,"column":44},"end":{"line":152,"column":45}}],"line":152},"20":{"loc":{"start":{"line":159,"column":6},"end":{"line":162,"column":7}},"type":"if","locations":[{"start":{"line":159,"column":6},"end":{"line":162,"column":7}},{"start":{},"end":{}}],"line":159},"21":{"loc":{"start":{"line":175,"column":6},"end":{"line":177,"column":7}},"type":"if","locations":[{"start":{"line":175,"column":6},"end":{"line":177,"column":7}},{"start":{},"end":{}}],"line":175},"22":{"loc":{"start":{"line":175,"column":10},"end":{"line":175,"column":38}},"type":"binary-expr","locations":[{"start":{"line":175,"column":10},"end":{"line":175,"column":22}},{"start":{"line":175,"column":26},"end":{"line":175,"column":38}}],"line":175},"23":{"loc":{"start":{"line":179,"column":6},"end":{"line":179,"column":32}},"type":"if","locations":[{"start":{"line":179,"column":6},"end":{"line":179,"column":32}},{"start":{},"end":{}}],"line":179},"24":{"loc":{"start":{"line":180,"column":6},"end":{"line":180,"column":33}},"type":"if","locations":[{"start":{"line":180,"column":6},"end":{"line":180,"column":33}},{"start":{},"end":{}}],"line":180},"25":{"loc":{"start":{"line":195,"column":4},"end":{"line":195,"column":67}},"type":"if","locations":[{"start":{"line":195,"column":4},"end":{"line":195,"column":67}},{"start":{},"end":{}}],"line":195},"26":{"loc":{"start":{"line":195,"column":8},"end":{"line":195,"column":53}},"type":"binary-expr","locations":[{"start":{"line":195,"column":8},"end":{"line":195,"column":23}},{"start":{"line":195,"column":27},"end":{"line":195,"column":53}}],"line":195},"27":{"loc":{"start":{"line":201,"column":6},"end":{"line":206,"column":7}},"type":"if","locations":[{"start":{"line":201,"column":6},"end":{"line":206,"column":7}},{"start":{},"end":{}}],"line":201},"28":{"loc":{"start":{"line":202,"column":8},"end":{"line":204,"column":9}},"type":"if","locations":[{"start":{"line":202,"column":8},"end":{"line":204,"column":9}},{"start":{},"end":{}}],"line":202},"29":{"loc":{"start":{"line":212,"column":6},"end":{"line":212,"column":49}},"type":"if","locations":[{"start":{"line":212,"column":6},"end":{"line":212,"column":49}},{"start":{},"end":{}}],"line":212},"30":{"loc":{"start":{"line":212,"column":10},"end":{"line":212,"column":38}},"type":"binary-expr","locations":[{"start":{"line":212,"column":10},"end":{"line":212,"column":22}},{"start":{"line":212,"column":26},"end":{"line":212,"column":38}}],"line":212},"31":{"loc":{"start":{"line":213,"column":6},"end":{"line":213,"column":50}},"type":"if","locations":[{"start":{"line":213,"column":6},"end":{"line":213,"column":50}},{"start":{},"end":{}}],"line":213},"32":{"loc":{"start":{"line":213,"column":10},"end":{"line":213,"column":38}},"type":"binary-expr","locations":[{"start":{"line":213,"column":10},"end":{"line":213,"column":22}},{"start":{"line":213,"column":26},"end":{"line":213,"column":38}}],"line":213},"33":{"loc":{"start":{"line":222,"column":4},"end":{"line":222,"column":64}},"type":"if","locations":[{"start":{"line":222,"column":4},"end":{"line":222,"column":64}},{"start":{},"end":{}}],"line":222},"34":{"loc":{"start":{"line":222,"column":8},"end":{"line":222,"column":52}},"type":"binary-expr","locations":[{"start":{"line":222,"column":8},"end":{"line":222,"column":23}},{"start":{"line":222,"column":27},"end":{"line":222,"column":52}}],"line":222},"35":{"loc":{"start":{"line":225,"column":19},"end":{"line":225,"column":58}},"type":"binary-expr","locations":[{"start":{"line":225,"column":19},"end":{"line":225,"column":34}},{"start":{"line":225,"column":38},"end":{"line":225,"column":58}}],"line":225},"36":{"loc":{"start":{"line":240,"column":8},"end":{"line":240,"column":47}},"type":"binary-expr","locations":[{"start":{"line":240,"column":8},"end":{"line":240,"column":21}},{"start":{"line":240,"column":25},"end":{"line":240,"column":47}}],"line":240},"37":{"loc":{"start":{"line":241,"column":8},"end":{"line":241,"column":40}},"type":"binary-expr","locations":[{"start":{"line":241,"column":8},"end":{"line":241,"column":17}},{"start":{"line":241,"column":21},"end":{"line":241,"column":40}}],"line":241},"38":{"loc":{"start":{"line":250,"column":12},"end":{"line":250,"column":44}},"type":"binary-expr","locations":[{"start":{"line":250,"column":12},"end":{"line":250,"column":21}},{"start":{"line":250,"column":25},"end":{"line":250,"column":44}}],"line":250},"39":{"loc":{"start":{"line":252,"column":25},"end":{"line":252,"column":67}},"type":"binary-expr","locations":[{"start":{"line":252,"column":25},"end":{"line":252,"column":38}},{"start":{"line":252,"column":42},"end":{"line":252,"column":67}}],"line":252},"40":{"loc":{"start":{"line":253,"column":13},"end":{"line":253,"column":57}},"type":"binary-expr","locations":[{"start":{"line":253,"column":13},"end":{"line":253,"column":48}},{"start":{"line":253,"column":52},"end":{"line":253,"column":57}}],"line":253},"41":{"loc":{"start":{"line":258,"column":11},"end":{"line":266,"column":11}},"type":"cond-expr","locations":[{"start":{"line":259,"column":12},"end":{"line":261,"column":25}},{"start":{"line":263,"column":12},"end":{"line":265,"column":25}}],"line":258},"42":{"loc":{"start":{"line":260,"column":15},"end":{"line":260,"column":31}},"type":"binary-expr","locations":[{"start":{"line":260,"column":15},"end":{"line":260,"column":24}},{"start":{"line":260,"column":28},"end":{"line":260,"column":31}}],"line":260},"43":{"loc":{"start":{"line":263,"column":56},"end":{"line":263,"column":108}},"type":"cond-expr","locations":[{"start":{"line":263,"column":67},"end":{"line":263,"column":86}},{"start":{"line":263,"column":89},"end":{"line":263,"column":108}}],"line":263},"44":{"loc":{"start":{"line":264,"column":15},"end":{"line":264,"column":37}},"type":"cond-expr","locations":[{"start":{"line":264,"column":26},"end":{"line":264,"column":29}},{"start":{"line":264,"column":32},"end":{"line":264,"column":37}}],"line":264},"45":{"loc":{"start":{"line":274,"column":4},"end":{"line":274,"column":42}},"type":"if","locations":[{"start":{"line":274,"column":4},"end":{"line":274,"column":42}},{"start":{},"end":{}}],"line":274},"46":{"loc":{"start":{"line":299,"column":11},"end":{"line":299,"column":45}},"type":"binary-expr","locations":[{"start":{"line":299,"column":11},"end":{"line":299,"column":27}},{"start":{"line":299,"column":31},"end":{"line":299,"column":45}}],"line":299},"47":{"loc":{"start":{"line":322,"column":60},"end":{"line":322,"column":84}},"type":"default-arg","locations":[{"start":{"line":322,"column":80},"end":{"line":322,"column":84}}],"line":322},"48":{"loc":{"start":{"line":331,"column":9},"end":{"line":335,"column":9}},"type":"binary-expr","locations":[{"start":{"line":331,"column":9},"end":{"line":331,"column":17}},{"start":{"line":332,"column":10},"end":{"line":334,"column":23}}],"line":331},"49":{"loc":{"start":{"line":353,"column":35},"end":{"line":353,"column":101}},"type":"cond-expr","locations":[{"start":{"line":353,"column":63},"end":{"line":353,"column":80}},{"start":{"line":353,"column":83},"end":{"line":353,"column":101}}],"line":353},"50":{"loc":{"start":{"line":364,"column":2},"end":{"line":385,"column":3}},"type":"if","locations":[{"start":{"line":364,"column":2},"end":{"line":385,"column":3}},{"start":{},"end":{}}],"line":364},"51":{"loc":{"start":{"line":364,"column":6},"end":{"line":364,"column":44}},"type":"binary-expr","locations":[{"start":{"line":364,"column":6},"end":{"line":364,"column":21}},{"start":{"line":364,"column":25},"end":{"line":364,"column":44}}],"line":364},"52":{"loc":{"start":{"line":372,"column":11},"end":{"line":372,"column":95}},"type":"cond-expr","locations":[{"start":{"line":372,"column":32},"end":{"line":372,"column":62}},{"start":{"line":372,"column":65},"end":{"line":372,"column":95}}],"line":372},"53":{"loc":{"start":{"line":406,"column":9},"end":{"line":418,"column":9}},"type":"binary-expr","locations":[{"start":{"line":406,"column":9},"end":{"line":406,"column":35}},{"start":{"line":406,"column":39},"end":{"line":406,"column":67}},{"start":{"line":407,"column":10},"end":{"line":417,"column":17}}],"line":406},"54":{"loc":{"start":{"line":446,"column":11},"end":{"line":467,"column":11}},"type":"binary-expr","locations":[{"start":{"line":446,"column":11},"end":{"line":446,"column":36}},{"start":{"line":446,"column":40},"end":{"line":446,"column":47}},{"start":{"line":447,"column":12},"end":{"line":466,"column":19}}],"line":446},"55":{"loc":{"start":{"line":458,"column":15},"end":{"line":465,"column":15}},"type":"binary-expr","locations":[{"start":{"line":458,"column":15},"end":{"line":458,"column":33}},{"start":{"line":459,"column":16},"end":{"line":464,"column":23}}],"line":458},"56":{"loc":{"start":{"line":471,"column":11},"end":{"line":487,"column":11}},"type":"binary-expr","locations":[{"start":{"line":471,"column":11},"end":{"line":471,"column":17}},{"start":{"line":472,"column":12},"end":{"line":486,"column":19}}],"line":471},"57":{"loc":{"start":{"line":474,"column":23},"end":{"line":474,"column":91}},"type":"cond-expr","locations":[{"start":{"line":474,"column":51},"end":{"line":474,"column":69}},{"start":{"line":474,"column":72},"end":{"line":474,"column":91}}],"line":474},"58":{"loc":{"start":{"line":475,"column":25},"end":{"line":475,"column":79}},"type":"cond-expr","locations":[{"start":{"line":475,"column":53},"end":{"line":475,"column":64}},{"start":{"line":475,"column":67},"end":{"line":475,"column":79}}],"line":475}},"s":{"0":0,"1":0,"2":0,"3":0,"4":0,"5":0,"6":0,"7":0,"8":0,"9":0,"10":0,"11":0,"12":0,"13":0,"14":0,"15":0,"16":0,"17":0,"18":0,"19":0,"20":0,"21":0,"22":0,"23":0,"24":0,"25":0,"26":0,"27":0,"28":0,"29":0,"30":0,"31":0,"32":0,"33":0,"34":0,"35":0,"36":0,"37":0,"38":0,"39":0,"40":0,"41":0,"42":0,"43":0,"44":0,"45":0,"46":0,"47":0,"48":0,"49":0,"50":0,"51":0,"52":0,"53":0,"54":0,"55":0,"56":0,"57":0,"58":0,"59":0,"60":0,"61":0,"62":0,"63":0,"64":0,"65":0,"66":0,"67":0,"68":0,"69":0,"70":0,"71":0,"72":0,"73":0,"74":0,"75":0,"76":0,"77":0,"78":0,"79":0,"80":0,"81":0,"82":0,"83":0,"84":0,"85":0,"86":0,"87":0,"88":0,"89":0,"90":0,"91":0,"92":0,"93":0,"94":0,"95":0,"96":0,"97":0,"98":0,"99":0,"100":0,"101":0,"102":0,"103":0,"104":0,"105":0,"106":0,"107":0,"108":0,"109":0,"110":0,"111":0,"112":0,"113":0,"114":0,"115":0,"116":0,"117":0,"118":0,"119":0,"120":0,"121":0,"122":0,"123":0,"124":0,"125":0,"126":0,"127":0,"128":0,"129":0,"130":0,"131":0,"132":0,"133":0,"134":0,"135":0,"136":0,"137":0,"138":0,"139":0,"140":0,"141":0,"142":0},"f":{"0":0,"1":0,"2":0,"3":0,"4":0,"5":0,"6":0,"7":0,"8":0,"9":0,"10":0,"11":0,"12":0,"13":0,"14":0,"15":0,"16":0,"17":0,"18":0,"19":0,"20":0,"21":0,"22":0,"23":0,"24":0,"25":0,"26":0,"27":0,"28":0,"29":0,"30":0,"31":0,"32":0,"33":0,"34":0,"35":0,"36":0,"37":0},"b":{"0":[0,0],"1":[0,0],"2":[0,0],"3":[0,0],"4":[0,0],"5":[0,0],"6":[0,0],"7":[0,0],"8":[0,0],"9":[0,0],"10":[0,0],"11":[0,0],"12":[0,0],"13":[0,0],"14":[0,0],"15":[0,0],"16":[0,0],"17":[0,0],"18":[0,0],"19":[0,0],"20":[0,0],"21":[0,0],"22":[0,0],"23":[0,0],"24":[0,0],"25":[0,0],"26":[0,0],"27":[0,0],"28":[0,0],"29":[0,0],"30":[0,0],"31":[0,0],"32":[0,0],"33":[0,0],"34":[0,0],"35":[0,0],"36":[0,0],"37":[0,0],"38":[0,0],"39":[0,0],"40":[0,0],"41":[0,0],"42":[0,0],"43":[0,0],"44":[0,0],"45":[0,0],"46":[0,0],"47":[0],"48":[0,0],"49":[0,0],"50":[0,0],"51":[0,0],"52":[0,0],"53":[0,0,0],"54":[0,0,0],"55":[0,0],"56":[0,0],"57":[0,0],"58":[0,0]}}
,"C:\\code\\planning-teimas\\components\\AnimatedParticipant.tsx": {"path":"C:\\code\\planning-teimas\\components\\AnimatedParticipant.tsx","statementMap":{"0":{"start":{"line":33,"column":16},"end":{"line":33,"column":32}},"1":{"start":{"line":36,"column":22},"end":{"line":36,"column":59}},"2":{"start":{"line":37,"column":24},"end":{"line":37,"column":62}},"3":{"start":{"line":38,"column":20},"end":{"line":38,"column":57}},"4":{"start":{"line":41,"column":2},"end":{"line":56,"column":9}},"5":{"start":{"line":42,"column":4},"end":{"line":55,"column":15}},"6":{"start":{"line":59,"column":2},"end":{"line":76,"column":17}},"7":{"start":{"line":60,"column":4},"end":{"line":75,"column":5}},"8":{"start":{"line":61,"column":6},"end":{"line":74,"column":17}},"9":{"start":{"line":78,"column":2},"end":{"line":116,"column":4}},"10":{"start":{"line":119,"column":15},"end":{"line":167,"column":2}}},"fnMap":{"0":{"name":"AnimatedParticipant","decl":{"start":{"line":24,"column":16},"end":{"line":24,"column":35}},"loc":{"start":{"line":32,"column":29},"end":{"line":117,"column":1}},"line":32},"1":{"name":"(anonymous_1)","decl":{"start":{"line":41,"column":12},"end":{"line":41,"column":13}},"loc":{"start":{"line":41,"column":18},"end":{"line":56,"column":3}},"line":41},"2":{"name":"(anonymous_2)","decl":{"start":{"line":59,"column":12},"end":{"line":59,"column":13}},"loc":{"start":{"line":59,"column":18},"end":{"line":76,"column":3}},"line":59}},"branchMap":{"0":{"loc":{"start":{"line":26,"column":2},"end":{"line":26,"column":23}},"type":"default-arg","locations":[{"start":{"line":26,"column":18},"end":{"line":26,"column":23}}],"line":26},"1":{"loc":{"start":{"line":27,"column":2},"end":{"line":27,"column":19}},"type":"default-arg","locations":[{"start":{"line":27,"column":14},"end":{"line":27,"column":19}}],"line":27},"2":{"loc":{"start":{"line":28,"column":2},"end":{"line":28,"column":18}},"type":"default-arg","locations":[{"start":{"line":28,"column":13},"end":{"line":28,"column":18}}],"line":28},"3":{"loc":{"start":{"line":30,"column":2},"end":{"line":30,"column":17}},"type":"default-arg","locations":[{"start":{"line":30,"column":13},"end":{"line":30,"column":17}}],"line":30},"4":{"loc":{"start":{"line":60,"column":4},"end":{"line":75,"column":5}},"type":"if","locations":[{"start":{"line":60,"column":4},"end":{"line":75,"column":5}},{"start":{},"end":{}}],"line":60},"5":{"loc":{"start":{"line":81,"column":6},"end":{"line":81,"column":41}},"type":"binary-expr","locations":[{"start":{"line":81,"column":6},"end":{"line":81,"column":19}},{"start":{"line":81,"column":23},"end":{"line":81,"column":41}}],"line":81},"6":{"loc":{"start":{"line":82,"column":6},"end":{"line":82,"column":34}},"type":"binary-expr","locations":[{"start":{"line":82,"column":6},"end":{"line":82,"column":15}},{"start":{"line":82,"column":19},"end":{"line":82,"column":34}}],"line":82},"7":{"loc":{"start":{"line":97,"column":7},"end":{"line":114,"column":7}},"type":"binary-expr","locations":[{"start":{"line":97,"column":7},"end":{"line":97,"column":15}},{"start":{"line":98,"column":8},"end":{"line":113,"column":15}}],"line":97},"8":{"loc":{"start":{"line":101,"column":12},"end":{"line":101,"column":44}},"type":"binary-expr","locations":[{"start":{"line":101,"column":12},"end":{"line":101,"column":21}},{"start":{"line":101,"column":25},"end":{"line":101,"column":44}}],"line":101},"9":{"loc":{"start":{"line":104,"column":13},"end":{"line":104,"column":55}},"type":"binary-expr","locations":[{"start":{"line":104,"column":13},"end":{"line":104,"column":26}},{"start":{"line":104,"column":30},"end":{"line":104,"column":55}}],"line":104},"10":{"loc":{"start":{"line":105,"column":13},"end":{"line":105,"column":31}},"type":"binary-expr","locations":[{"start":{"line":105,"column":13},"end":{"line":105,"column":22}},{"start":{"line":105,"column":26},"end":{"line":105,"column":31}}],"line":105},"11":{"loc":{"start":{"line":108,"column":11},"end":{"line":112,"column":11}},"type":"binary-expr","locations":[{"start":{"line":108,"column":11},"end":{"line":108,"column":19}},{"start":{"line":109,"column":12},"end":{"line":111,"column":19}}],"line":108}},"s":{"0":5,"1":5,"2":5,"3":5,"4":5,"5":5,"6":5,"7":5,"8":1,"9":5,"10":1},"f":{"0":5,"1":5,"2":5},"b":{"0":[4],"1":[4],"2":[4],"3":[4],"4":[1,4],"5":[5,1],"6":[5,4],"7":[5,4],"8":[4,3],"9":[4,1],"10":[4,1],"11":[4,1]},"_coverageSchema":"1a1c01bbd47fc00a2c39e90264f33305004495a9","hash":"5c8c18b3fb5b6f1ff753465cc690c4713e38a93b"}
,"C:\\code\\planning-teimas\\components\\AnimatedPlanningCard.tsx": {"path":"C:\\code\\planning-teimas\\components\\AnimatedPlanningCard.tsx","statementMap":{"0":{"start":{"line":27,"column":20},"end":{"line":27,"column":57}},"1":{"start":{"line":28,"column":21},"end":{"line":28,"column":58}},"2":{"start":{"line":29,"column":24},"end":{"line":29,"column":61}},"3":{"start":{"line":32,"column":2},"end":{"line":62,"column":17}},"4":{"start":{"line":33,"column":4},"end":{"line":61,"column":5}},"5":{"start":{"line":34,"column":6},"end":{"line":46,"column":17}},"6":{"start":{"line":48,"column":6},"end":{"line":60,"column":17}},"7":{"start":{"line":65,"column":2},"end":{"line":84,"column":17}},"8":{"start":{"line":66,"column":4},"end":{"line":83,"column":5}},"9":{"start":{"line":67,"column":6},"end":{"line":82,"column":17}},"10":{"start":{"line":87,"column":19},"end":{"line":90,"column":4}},"11":{"start":{"line":93,"column":25},"end":{"line":124,"column":3}},"12":{"start":{"line":94,"column":4},"end":{"line":123,"column":5}},"13":{"start":{"line":95,"column":6},"end":{"line":103,"column":8}},"14":{"start":{"line":105,"column":6},"end":{"line":122,"column":8}},"15":{"start":{"line":126,"column":2},"end":{"line":153,"column":4}},"16":{"start":{"line":128,"column":21},"end":{"line":128,"column":36}},"17":{"start":{"line":156,"column":15},"end":{"line":185,"column":2}}},"fnMap":{"0":{"name":"AnimatedPlanningCard","decl":{"start":{"line":20,"column":16},"end":{"line":20,"column":36}},"loc":{"start":{"line":25,"column":22},"end":{"line":154,"column":1}},"line":25},"1":{"name":"(anonymous_1)","decl":{"start":{"line":32,"column":12},"end":{"line":32,"column":13}},"loc":{"start":{"line":32,"column":18},"end":{"line":62,"column":3}},"line":32},"2":{"name":"(anonymous_2)","decl":{"start":{"line":65,"column":12},"end":{"line":65,"column":13}},"loc":{"start":{"line":65,"column":18},"end":{"line":84,"column":3}},"line":65},"3":{"name":"(anonymous_3)","decl":{"start":{"line":93,"column":25},"end":{"line":93,"column":26}},"loc":{"start":{"line":93,"column":31},"end":{"line":124,"column":3}},"line":93},"4":{"name":"(anonymous_4)","decl":{"start":{"line":128,"column":15},"end":{"line":128,"column":16}},"loc":{"start":{"line":128,"column":21},"end":{"line":128,"column":36}},"line":128}},"branchMap":{"0":{"loc":{"start":{"line":22,"column":2},"end":{"line":22,"column":18}},"type":"default-arg","locations":[{"start":{"line":22,"column":13},"end":{"line":22,"column":18}}],"line":22},"1":{"loc":{"start":{"line":24,"column":2},"end":{"line":24,"column":18}},"type":"default-arg","locations":[{"start":{"line":24,"column":13},"end":{"line":24,"column":18}}],"line":24},"2":{"loc":{"start":{"line":33,"column":4},"end":{"line":61,"column":5}},"type":"if","locations":[{"start":{"line":33,"column":4},"end":{"line":61,"column":5}},{"start":{"line":47,"column":11},"end":{"line":61,"column":5}}],"line":33},"3":{"loc":{"start":{"line":66,"column":4},"end":{"line":83,"column":5}},"type":"if","locations":[{"start":{"line":66,"column":4},"end":{"line":83,"column":5}},{"start":{},"end":{}}],"line":66},"4":{"loc":{"start":{"line":94,"column":4},"end":{"line":123,"column":5}},"type":"if","locations":[{"start":{"line":94,"column":4},"end":{"line":123,"column":5}},{"start":{"line":104,"column":11},"end":{"line":123,"column":5}}],"line":94},"5":{"loc":{"start":{"line":135,"column":10},"end":{"line":135,"column":37}},"type":"binary-expr","locations":[{"start":{"line":135,"column":10},"end":{"line":135,"column":18}},{"start":{"line":135,"column":22},"end":{"line":135,"column":37}}],"line":135},"6":{"loc":{"start":{"line":147,"column":10},"end":{"line":147,"column":41}},"type":"binary-expr","locations":[{"start":{"line":147,"column":10},"end":{"line":147,"column":18}},{"start":{"line":147,"column":22},"end":{"line":147,"column":41}}],"line":147}},"s":{"0":6,"1":6,"2":6,"3":6,"4":6,"5":2,"6":4,"7":6,"8":4,"9":0,"10":6,"11":6,"12":6,"13":0,"14":6,"15":6,"16":1,"17":1},"f":{"0":6,"1":6,"2":4,"3":6,"4":1},"b":{"0":[0],"1":[6],"2":[2,4],"3":[0,4],"4":[0,6],"5":[6,2],"6":[6,2]},"_coverageSchema":"1a1c01bbd47fc00a2c39e90264f33305004495a9","hash":"1bd9b38a32958bdc3753a5104301d243538ae33c"}
,"C:\\code\\planning-teimas\\components\\AnimatedResults.tsx": {"path":"C:\\code\\planning-teimas\\components\\AnimatedResults.tsx","statementMap":{"0":{"start":{"line":31,"column":16},"end":{"line":31,"column":32}},"1":{"start":{"line":32,"column":19},"end":{"line":32,"column":56}},"2":{"start":{"line":33,"column":19},"end":{"line":33,"column":71}},"3":{"start":{"line":33,"column":48},"end":{"line":33,"column":69}},"4":{"start":{"line":36,"column":2},"end":{"line":60,"column":20}},"5":{"start":{"line":38,"column":4},"end":{"line":38,"column":68}},"6":{"start":{"line":38,"column":45},"end":{"line":38,"column":66}},"7":{"start":{"line":41,"column":4},"end":{"line":46,"column":15}},"8":{"start":{"line":49,"column":26},"end":{"line":57,"column":6}},"9":{"start":{"line":50,"column":6},"end":{"line":56,"column":9}},"10":{"start":{"line":59,"column":4},"end":{"line":59,"column":49}},"11":{"start":{"line":63,"column":2},"end":{"line":71,"column":3}},"12":{"start":{"line":64,"column":4},"end":{"line":70,"column":6}},"13":{"start":{"line":73,"column":2},"end":{"line":119,"column":4}},"14":{"start":{"line":93,"column":10},"end":{"line":115,"column":17}},"15":{"start":{"line":122,"column":15},"end":{"line":203,"column":2}}},"fnMap":{"0":{"name":"AnimatedResults","decl":{"start":{"line":25,"column":16},"end":{"line":25,"column":31}},"loc":{"start":{"line":30,"column":25},"end":{"line":120,"column":1}},"line":30},"1":{"name":"(anonymous_1)","decl":{"start":{"line":33,"column":42},"end":{"line":33,"column":43}},"loc":{"start":{"line":33,"column":48},"end":{"line":33,"column":69}},"line":33},"2":{"name":"(anonymous_2)","decl":{"start":{"line":36,"column":12},"end":{"line":36,"column":13}},"loc":{"start":{"line":36,"column":18},"end":{"line":60,"column":3}},"line":36},"3":{"name":"(anonymous_3)","decl":{"start":{"line":38,"column":39},"end":{"line":38,"column":40}},"loc":{"start":{"line":38,"column":45},"end":{"line":38,"column":66}},"line":38},"4":{"name":"(anonymous_4)","decl":{"start":{"line":49,"column":47},"end":{"line":49,"column":48}},"loc":{"start":{"line":49,"column":64},"end":{"line":57,"column":5}},"line":49},"5":{"name":"(anonymous_5)","decl":{"start":{"line":92,"column":25},"end":{"line":92,"column":26}},"loc":{"start":{"line":93,"column":10},"end":{"line":115,"column":17}},"line":93}},"branchMap":{"0":{"loc":{"start":{"line":26,"column":2},"end":{"line":26,"column":18}},"type":"default-arg","locations":[{"start":{"line":26,"column":16},"end":{"line":26,"column":18}}],"line":26},"1":{"loc":{"start":{"line":63,"column":2},"end":{"line":71,"column":3}},"type":"if","locations":[{"start":{"line":63,"column":2},"end":{"line":71,"column":3}},{"start":{},"end":{}}],"line":63},"2":{"loc":{"start":{"line":63,"column":6},"end":{"line":63,"column":50}},"type":"binary-expr","locations":[{"start":{"line":63,"column":6},"end":{"line":63,"column":30}},{"start":{"line":63,"column":34},"end":{"line":63,"column":50}}],"line":63}},"s":{"0":3,"1":3,"2":3,"3":6,"4":3,"5":3,"6":6,"7":3,"8":3,"9":6,"10":3,"11":3,"12":1,"13":2,"14":6,"15":1},"f":{"0":3,"1":6,"2":3,"3":6,"4":6,"5":6},"b":{"0":[0],"1":[1,2],"2":[3,2]},"_coverageSchema":"1a1c01bbd47fc00a2c39e90264f33305004495a9","hash":"1247a233c4550e65abe06563c0c595a14957ef36"}
,"C:\\code\\planning-teimas\\components\\Button.tsx": {"path":"C:\\code\\planning-teimas\\components\\Button.tsx","statementMap":{"0":{"start":{"line":32,"column":2},"end":{"line":62,"column":4}},"1":{"start":{"line":65,"column":15},"end":{"line":104,"column":2}}},"fnMap":{"0":{"name":"Button","decl":{"start":{"line":22,"column":16},"end":{"line":22,"column":22}},"loc":{"start":{"line":30,"column":16},"end":{"line":63,"column":1}},"line":30}},"branchMap":{"0":{"loc":{"start":{"line":25,"column":2},"end":{"line":25,"column":18}},"type":"default-arg","locations":[{"start":{"line":25,"column":13},"end":{"line":25,"column":18}}],"line":25},"1":{"loc":{"start":{"line":26,"column":2},"end":{"line":26,"column":17}},"type":"default-arg","locations":[{"start":{"line":26,"column":12},"end":{"line":26,"column":17}}],"line":26},"2":{"loc":{"start":{"line":27,"column":2},"end":{"line":27,"column":21}},"type":"default-arg","locations":[{"start":{"line":27,"column":12},"end":{"line":27,"column":21}}],"line":27},"3":{"loc":{"start":{"line":36,"column":8},"end":{"line":36,"column":53}},"type":"binary-expr","locations":[{"start":{"line":36,"column":8},"end":{"line":36,"column":29}},{"start":{"line":36,"column":33},"end":{"line":36,"column":53}}],"line":36},"4":{"loc":{"start":{"line":37,"column":8},"end":{"line":37,"column":57}},"type":"binary-expr","locations":[{"start":{"line":37,"column":8},"end":{"line":37,"column":31}},{"start":{"line":37,"column":35},"end":{"line":37,"column":57}}],"line":37},"5":{"loc":{"start":{"line":38,"column":8},"end":{"line":38,"column":53}},"type":"binary-expr","locations":[{"start":{"line":38,"column":8},"end":{"line":38,"column":29}},{"start":{"line":38,"column":33},"end":{"line":38,"column":53}}],"line":38},"6":{"loc":{"start":{"line":39,"column":8},"end":{"line":39,"column":41}},"type":"binary-expr","locations":[{"start":{"line":39,"column":8},"end":{"line":39,"column":16}},{"start":{"line":39,"column":20},"end":{"line":39,"column":41}}],"line":39},"7":{"loc":{"start":{"line":43,"column":16},"end":{"line":43,"column":35}},"type":"binary-expr","locations":[{"start":{"line":43,"column":16},"end":{"line":43,"column":24}},{"start":{"line":43,"column":28},"end":{"line":43,"column":35}}],"line":43},"8":{"loc":{"start":{"line":45,"column":7},"end":{"line":60,"column":7}},"type":"cond-expr","locations":[{"start":{"line":46,"column":8},"end":{"line":46,"column":42}},{"start":{"line":48,"column":8},"end":{"line":59,"column":15}}],"line":45},"9":{"loc":{"start":{"line":51,"column":12},"end":{"line":51,"column":55}},"type":"binary-expr","locations":[{"start":{"line":51,"column":12},"end":{"line":51,"column":33}},{"start":{"line":51,"column":37},"end":{"line":51,"column":55}}],"line":51},"10":{"loc":{"start":{"line":52,"column":12},"end":{"line":52,"column":59}},"type":"binary-expr","locations":[{"start":{"line":52,"column":12},"end":{"line":52,"column":35}},{"start":{"line":52,"column":39},"end":{"line":52,"column":59}}],"line":52},"11":{"loc":{"start":{"line":53,"column":12},"end":{"line":53,"column":55}},"type":"binary-expr","locations":[{"start":{"line":53,"column":12},"end":{"line":53,"column":33}},{"start":{"line":53,"column":37},"end":{"line":53,"column":55}}],"line":53},"12":{"loc":{"start":{"line":54,"column":12},"end":{"line":54,"column":43}},"type":"binary-expr","locations":[{"start":{"line":54,"column":12},"end":{"line":54,"column":20}},{"start":{"line":54,"column":24},"end":{"line":54,"column":43}}],"line":54}},"s":{"0":0,"1":0},"f":{"0":0},"b":{"0":[0],"1":[0],"2":[0],"3":[0,0],"4":[0,0],"5":[0,0],"6":[0,0],"7":[0,0],"8":[0,0],"9":[0,0],"10":[0,0],"11":[0,0],"12":[0,0]}}
,"C:\\code\\planning-teimas\\components\\Collapsible.tsx": {"path":"C:\\code\\planning-teimas\\components\\Collapsible.tsx","statementMap":{"0":{"start":{"line":11,"column":30},"end":{"line":11,"column":45}},"1":{"start":{"line":12,"column":16},"end":{"line":12,"column":43}},"2":{"start":{"line":14,"column":2},"end":{"line":32,"column":4}},"3":{"start":{"line":18,"column":23},"end":{"line":18,"column":51}},"4":{"start":{"line":18,"column":44},"end":{"line":18,"column":50}},"5":{"start":{"line":35,"column":15},"end":{"line":45,"column":2}}},"fnMap":{"0":{"name":"Collapsible","decl":{"start":{"line":10,"column":16},"end":{"line":10,"column":27}},"loc":{"start":{"line":10,"column":88},"end":{"line":33,"column":1}},"line":10},"1":{"name":"(anonymous_1)","decl":{"start":{"line":18,"column":17},"end":{"line":18,"column":18}},"loc":{"start":{"line":18,"column":23},"end":{"line":18,"column":51}},"line":18},"2":{"name":"(anonymous_2)","decl":{"start":{"line":18,"column":33},"end":{"line":18,"column":34}},"loc":{"start":{"line":18,"column":44},"end":{"line":18,"column":50}},"line":18}},"branchMap":{"0":{"loc":{"start":{"line":12,"column":16},"end":{"line":12,"column":43}},"type":"binary-expr","locations":[{"start":{"line":12,"column":16},"end":{"line":12,"column":32}},{"start":{"line":12,"column":36},"end":{"line":12,"column":43}}],"line":12},"1":{"loc":{"start":{"line":24,"column":17},"end":{"line":24,"column":73}},"type":"cond-expr","locations":[{"start":{"line":24,"column":37},"end":{"line":24,"column":54}},{"start":{"line":24,"column":57},"end":{"line":24,"column":73}}],"line":24},"2":{"loc":{"start":{"line":25,"column":41},"end":{"line":25,"column":66}},"type":"cond-expr","locations":[{"start":{"line":25,"column":50},"end":{"line":25,"column":57}},{"start":{"line":25,"column":60},"end":{"line":25,"column":66}}],"line":25},"3":{"loc":{"start":{"line":30,"column":7},"end":{"line":30,"column":75}},"type":"binary-expr","locations":[{"start":{"line":30,"column":7},"end":{"line":30,"column":13}},{"start":{"line":30,"column":17},"end":{"line":30,"column":75}}],"line":30}},"s":{"0":0,"1":0,"2":0,"3":0,"4":0,"5":0},"f":{"0":0,"1":0,"2":0},"b":{"0":[0,0],"1":[0,0],"2":[0,0],"3":[0,0]}}
,"C:\\code\\planning-teimas\\components\\ExternalLink.tsx": {"path":"C:\\code\\planning-teimas\\components\\ExternalLink.tsx","statementMap":{"0":{"start":{"line":11,"column":2},"end":{"line":25,"column":4}},"1":{"start":{"line":17,"column":8},"end":{"line":22,"column":9}},"2":{"start":{"line":19,"column":10},"end":{"line":19,"column":33}},"3":{"start":{"line":21,"column":10},"end":{"line":21,"column":39}}},"fnMap":{"0":{"name":"ExternalLink","decl":{"start":{"line":10,"column":16},"end":{"line":10,"column":28}},"loc":{"start":{"line":10,"column":55},"end":{"line":26,"column":1}},"line":10},"1":{"name":"(anonymous_1)","decl":{"start":{"line":16,"column":15},"end":{"line":16,"column":16}},"loc":{"start":{"line":16,"column":32},"end":{"line":23,"column":7}},"line":16}},"branchMap":{"0":{"loc":{"start":{"line":17,"column":8},"end":{"line":22,"column":9}},"type":"if","locations":[{"start":{"line":17,"column":8},"end":{"line":22,"column":9}},{"start":{},"end":{}}],"line":17}},"s":{"0":0,"1":0,"2":0,"3":0},"f":{"0":0,"1":0},"b":{"0":[0,0]}}
,"C:\\code\\planning-teimas\\components\\HapticTab.tsx": {"path":"C:\\code\\planning-teimas\\components\\HapticTab.tsx","statementMap":{"0":{"start":{"line":6,"column":2},"end":{"line":17,"column":4}},"1":{"start":{"line":10,"column":8},"end":{"line":13,"column":9}},"2":{"start":{"line":12,"column":10},"end":{"line":12,"column":65}},"3":{"start":{"line":14,"column":8},"end":{"line":14,"column":30}}},"fnMap":{"0":{"name":"HapticTab","decl":{"start":{"line":5,"column":16},"end":{"line":5,"column":25}},"loc":{"start":{"line":5,"column":58},"end":{"line":18,"column":1}},"line":5},"1":{"name":"(anonymous_1)","decl":{"start":{"line":9,"column":17},"end":{"line":9,"column":18}},"loc":{"start":{"line":9,"column":25},"end":{"line":15,"column":7}},"line":9}},"branchMap":{"0":{"loc":{"start":{"line":10,"column":8},"end":{"line":13,"column":9}},"type":"if","locations":[{"start":{"line":10,"column":8},"end":{"line":13,"column":9}},{"start":{},"end":{}}],"line":10}},"s":{"0":0,"1":0,"2":0,"3":0},"f":{"0":0,"1":0},"b":{"0":[0,0]}}
,"C:\\code\\planning-teimas\\components\\HelloWave.tsx": {"path":"C:\\code\\planning-teimas\\components\\HelloWave.tsx","statementMap":{"0":{"start":{"line":14,"column":28},"end":{"line":14,"column":45}},"1":{"start":{"line":16,"column":2},"end":{"line":21,"column":9}},"2":{"start":{"line":17,"column":4},"end":{"line":20,"column":6}},"3":{"start":{"line":23,"column":24},"end":{"line":25,"column":5}},"4":{"start":{"line":23,"column":48},"end":{"line":25,"column":3}},"5":{"start":{"line":27,"column":2},"end":{"line":31,"column":4}},"6":{"start":{"line":34,"column":15},"end":{"line":40,"column":2}}},"fnMap":{"0":{"name":"HelloWave","decl":{"start":{"line":13,"column":16},"end":{"line":13,"column":25}},"loc":{"start":{"line":13,"column":28},"end":{"line":32,"column":1}},"line":13},"1":{"name":"(anonymous_1)","decl":{"start":{"line":16,"column":12},"end":{"line":16,"column":13}},"loc":{"start":{"line":16,"column":18},"end":{"line":21,"column":3}},"line":16},"2":{"name":"(anonymous_2)","decl":{"start":{"line":23,"column":41},"end":{"line":23,"column":42}},"loc":{"start":{"line":23,"column":48},"end":{"line":25,"column":3}},"line":23}},"branchMap":{},"s":{"0":0,"1":0,"2":0,"3":0,"4":0,"5":0,"6":0},"f":{"0":0,"1":0,"2":0},"b":{}}
,"C:\\code\\planning-teimas\\components\\LanguageSelector.tsx": {"path":"C:\\code\\planning-teimas\\components\\LanguageSelector.tsx","statementMap":{"0":{"start":{"line":7,"column":19},"end":{"line":7,"column":35}},"1":{"start":{"line":9,"column":25},"end":{"line":11,"column":3}},"2":{"start":{"line":10,"column":4},"end":{"line":10,"column":29}},"3":{"start":{"line":13,"column":2},"end":{"line":34,"column":4}},"4":{"start":{"line":20,"column":23},"end":{"line":20,"column":43}},"5":{"start":{"line":29,"column":23},"end":{"line":29,"column":43}},"6":{"start":{"line":37,"column":15},"end":{"line":56,"column":2}}},"fnMap":{"0":{"name":"LanguageSelector","decl":{"start":{"line":6,"column":16},"end":{"line":6,"column":32}},"loc":{"start":{"line":6,"column":35},"end":{"line":35,"column":1}},"line":6},"1":{"name":"(anonymous_1)","decl":{"start":{"line":9,"column":25},"end":{"line":9,"column":26}},"loc":{"start":{"line":9,"column":42},"end":{"line":11,"column":3}},"line":9},"2":{"name":"(anonymous_2)","decl":{"start":{"line":20,"column":17},"end":{"line":20,"column":18}},"loc":{"start":{"line":20,"column":23},"end":{"line":20,"column":43}},"line":20},"3":{"name":"(anonymous_3)","decl":{"start":{"line":29,"column":17},"end":{"line":29,"column":18}},"loc":{"start":{"line":29,"column":23},"end":{"line":29,"column":43}},"line":29}},"branchMap":{"0":{"loc":{"start":{"line":18,"column":10},"end":{"line":18,"column":55}},"type":"binary-expr","locations":[{"start":{"line":18,"column":10},"end":{"line":18,"column":32}},{"start":{"line":18,"column":36},"end":{"line":18,"column":55}}],"line":18},"1":{"loc":{"start":{"line":27,"column":10},"end":{"line":27,"column":55}},"type":"binary-expr","locations":[{"start":{"line":27,"column":10},"end":{"line":27,"column":32}},{"start":{"line":27,"column":36},"end":{"line":27,"column":55}}],"line":27}},"s":{"0":4,"1":4,"2":2,"3":4,"4":1,"5":1,"6":1},"f":{"0":4,"1":2,"2":1,"3":1},"b":{"0":[4,4],"1":[4,0]},"_coverageSchema":"1a1c01bbd47fc00a2c39e90264f33305004495a9","hash":"011f7849cafe82bd7af1cff433f42ee2a5bc9020"}
,"C:\\code\\planning-teimas\\components\\ParallaxScrollView.tsx": {"path":"C:\\code\\planning-teimas\\components\\ParallaxScrollView.tsx","statementMap":{"0":{"start":{"line":14,"column":22},"end":{"line":14,"column":25}},"1":{"start":{"line":26,"column":22},"end":{"line":26,"column":49}},"2":{"start":{"line":27,"column":20},"end":{"line":27,"column":57}},"3":{"start":{"line":28,"column":23},"end":{"line":28,"column":53}},"4":{"start":{"line":29,"column":17},"end":{"line":29,"column":39}},"5":{"start":{"line":30,"column":30},"end":{"line":45,"column":4}},"6":{"start":{"line":31,"column":4},"end":{"line":44,"column":6}},"7":{"start":{"line":47,"column":2},"end":{"line":65,"column":4}},"8":{"start":{"line":68,"column":15},"end":{"line":82,"column":2}}},"fnMap":{"0":{"name":"ParallaxScrollView","decl":{"start":{"line":21,"column":24},"end":{"line":21,"column":42}},"loc":{"start":{"line":25,"column":10},"end":{"line":66,"column":1}},"line":25},"1":{"name":"(anonymous_1)","decl":{"start":{"line":30,"column":47},"end":{"line":30,"column":48}},"loc":{"start":{"line":30,"column":53},"end":{"line":45,"column":3}},"line":30}},"branchMap":{"0":{"loc":{"start":{"line":26,"column":22},"end":{"line":26,"column":49}},"type":"binary-expr","locations":[{"start":{"line":26,"column":22},"end":{"line":26,"column":38}},{"start":{"line":26,"column":42},"end":{"line":26,"column":49}}],"line":26}},"s":{"0":0,"1":0,"2":0,"3":0,"4":0,"5":0,"6":0,"7":0,"8":0},"f":{"0":0,"1":0},"b":{"0":[0,0]}}
,"C:\\code\\planning-teimas\\components\\PlanningCard.tsx": {"path":"C:\\code\\planning-teimas\\components\\PlanningCard.tsx","statementMap":{"0":{"start":{"line":11,"column":57},"end":{"line":29,"column":1}},"1":{"start":{"line":16,"column":2},"end":{"line":28,"column":4}},"2":{"start":{"line":19,"column":21},"end":{"line":19,"column":36}},"3":{"start":{"line":31,"column":15},"end":{"line":66,"column":2}}},"fnMap":{"0":{"name":"(anonymous_0)","decl":{"start":{"line":11,"column":57},"end":{"line":11,"column":58}},"loc":{"start":{"line":15,"column":6},"end":{"line":29,"column":1}},"line":15},"1":{"name":"(anonymous_1)","decl":{"start":{"line":19,"column":15},"end":{"line":19,"column":16}},"loc":{"start":{"line":19,"column":21},"end":{"line":19,"column":36}},"line":19}},"branchMap":{"0":{"loc":{"start":{"line":18,"column":27},"end":{"line":18,"column":54}},"type":"binary-expr","locations":[{"start":{"line":18,"column":27},"end":{"line":18,"column":35}},{"start":{"line":18,"column":39},"end":{"line":18,"column":54}}],"line":18},"1":{"loc":{"start":{"line":23,"column":46},"end":{"line":23,"column":77}},"type":"binary-expr","locations":[{"start":{"line":23,"column":46},"end":{"line":23,"column":54}},{"start":{"line":23,"column":58},"end":{"line":23,"column":77}}],"line":23}},"s":{"0":0,"1":0,"2":0,"3":0},"f":{"0":0,"1":0},"b":{"0":[0,0],"1":[0,0]}}
,"C:\\code\\planning-teimas\\components\\ThemedText.tsx": {"path":"C:\\code\\planning-teimas\\components\\ThemedText.tsx","statementMap":{"0":{"start":{"line":18,"column":16},"end":{"line":18,"column":77}},"1":{"start":{"line":20,"column":2},"end":{"line":33,"column":4}},"2":{"start":{"line":36,"column":15},"end":{"line":60,"column":2}}},"fnMap":{"0":{"name":"ThemedText","decl":{"start":{"line":11,"column":16},"end":{"line":11,"column":26}},"loc":{"start":{"line":17,"column":20},"end":{"line":34,"column":1}},"line":17}},"branchMap":{"0":{"loc":{"start":{"line":15,"column":2},"end":{"line":15,"column":18}},"type":"default-arg","locations":[{"start":{"line":15,"column":9},"end":{"line":15,"column":18}}],"line":15},"1":{"loc":{"start":{"line":24,"column":8},"end":{"line":24,"column":55}},"type":"cond-expr","locations":[{"start":{"line":24,"column":29},"end":{"line":24,"column":43}},{"start":{"line":24,"column":46},"end":{"line":24,"column":55}}],"line":24},"2":{"loc":{"start":{"line":25,"column":8},"end":{"line":25,"column":51}},"type":"cond-expr","locations":[{"start":{"line":25,"column":27},"end":{"line":25,"column":39}},{"start":{"line":25,"column":42},"end":{"line":25,"column":51}}],"line":25},"3":{"loc":{"start":{"line":26,"column":8},"end":{"line":26,"column":71}},"type":"cond-expr","locations":[{"start":{"line":26,"column":37},"end":{"line":26,"column":59}},{"start":{"line":26,"column":62},"end":{"line":26,"column":71}}],"line":26},"4":{"loc":{"start":{"line":27,"column":8},"end":{"line":27,"column":57}},"type":"cond-expr","locations":[{"start":{"line":27,"column":30},"end":{"line":27,"column":45}},{"start":{"line":27,"column":48},"end":{"line":27,"column":57}}],"line":27},"5":{"loc":{"start":{"line":28,"column":8},"end":{"line":28,"column":49}},"type":"cond-expr","locations":[{"start":{"line":28,"column":26},"end":{"line":28,"column":37}},{"start":{"line":28,"column":40},"end":{"line":28,"column":49}}],"line":28}},"s":{"0":38,"1":38,"2":4},"f":{"0":38},"b":{"0":[38],"1":[38,0],"2":[0,38],"3":[0,38],"4":[0,38],"5":[0,38]},"_coverageSchema":"1a1c01bbd47fc00a2c39e90264f33305004495a9","hash":"4692787afae10731f2a84d9f89d0105b3b145dbc"}
,"C:\\code\\planning-teimas\\components\\ThemedView.tsx": {"path":"C:\\code\\planning-teimas\\components\\ThemedView.tsx","statementMap":{"0":{"start":{"line":11,"column":26},"end":{"line":11,"column":93}},"1":{"start":{"line":13,"column":2},"end":{"line":13,"column":71}}},"fnMap":{"0":{"name":"ThemedView","decl":{"start":{"line":10,"column":16},"end":{"line":10,"column":26}},"loc":{"start":{"line":10,"column":93},"end":{"line":14,"column":1}},"line":10}},"branchMap":{},"s":{"0":0,"1":0},"f":{"0":0},"b":{}}
,"C:\\code\\planning-teimas\\components\\ui\\IconSymbol.ios.tsx": {"path":"C:\\code\\planning-teimas\\components\\ui\\IconSymbol.ios.tsx","statementMap":{"0":{"start":{"line":17,"column":2},"end":{"line":31,"column":4}}},"fnMap":{"0":{"name":"IconSymbol","decl":{"start":{"line":4,"column":16},"end":{"line":4,"column":26}},"loc":{"start":{"line":16,"column":3},"end":{"line":32,"column":1}},"line":16}},"branchMap":{"0":{"loc":{"start":{"line":6,"column":2},"end":{"line":6,"column":11}},"type":"default-arg","locations":[{"start":{"line":6,"column":9},"end":{"line":6,"column":11}}],"line":6},"1":{"loc":{"start":{"line":9,"column":2},"end":{"line":9,"column":20}},"type":"default-arg","locations":[{"start":{"line":9,"column":11},"end":{"line":9,"column":20}}],"line":9}},"s":{"0":0},"f":{"0":0},"b":{"0":[0],"1":[0]}}
,"C:\\code\\planning-teimas\\components\\ui\\IconSymbol.tsx": {"path":"C:\\code\\planning-teimas\\components\\ui\\IconSymbol.tsx","statementMap":{"0":{"start":{"line":9,"column":16},"end":{"line":22,"column":1}},"1":{"start":{"line":43,"column":2},"end":{"line":43,"column":88}}},"fnMap":{"0":{"name":"IconSymbol","decl":{"start":{"line":31,"column":16},"end":{"line":31,"column":26}},"loc":{"start":{"line":42,"column":3},"end":{"line":44,"column":1}},"line":42}},"branchMap":{"0":{"loc":{"start":{"line":33,"column":2},"end":{"line":33,"column":11}},"type":"default-arg","locations":[{"start":{"line":33,"column":9},"end":{"line":33,"column":11}}],"line":33}},"s":{"0":0,"1":0},"f":{"0":0},"b":{"0":[0]}}
,"C:\\code\\planning-teimas\\components\\ui\\TabBarBackground.ios.tsx": {"path":"C:\\code\\planning-teimas\\components\\ui\\TabBarBackground.ios.tsx","statementMap":{"0":{"start":{"line":7,"column":2},"end":{"line":15,"column":4}},"1":{"start":{"line":19,"column":20},"end":{"line":19,"column":43}},"2":{"start":{"line":20,"column":21},"end":{"line":20,"column":40}},"3":{"start":{"line":21,"column":2},"end":{"line":21,"column":28}}},"fnMap":{"0":{"name":"BlurTabBarBackground","decl":{"start":{"line":6,"column":24},"end":{"line":6,"column":44}},"loc":{"start":{"line":6,"column":47},"end":{"line":16,"column":1}},"line":6},"1":{"name":"useBottomTabOverflow","decl":{"start":{"line":18,"column":16},"end":{"line":18,"column":36}},"loc":{"start":{"line":18,"column":39},"end":{"line":22,"column":1}},"line":18}},"branchMap":{},"s":{"0":0,"1":0,"2":0,"3":0},"f":{"0":0,"1":0},"b":{}}
,"C:\\code\\planning-teimas\\components\\ui\\TabBarBackground.tsx": {"path":"C:\\code\\planning-teimas\\components\\ui\\TabBarBackground.tsx","statementMap":{"0":{"start":{"line":5,"column":2},"end":{"line":5,"column":11}}},"fnMap":{"0":{"name":"useBottomTabOverflow","decl":{"start":{"line":4,"column":16},"end":{"line":4,"column":36}},"loc":{"start":{"line":4,"column":39},"end":{"line":6,"column":1}},"line":4}},"branchMap":{},"s":{"0":0},"f":{"0":0},"b":{}}
,"C:\\code\\planning-teimas\\constants\\Colors.ts": {"path":"C:\\code\\planning-teimas\\constants\\Colors.ts","statementMap":{"0":{"start":{"line":6,"column":23},"end":{"line":6,"column":32}},"1":{"start":{"line":7,"column":22},"end":{"line":7,"column":28}},"2":{"start":{"line":9,"column":22},"end":{"line":26,"column":1}}},"fnMap":{},"branchMap":{},"s":{"0":4,"1":4,"2":4},"f":{},"b":{},"_coverageSchema":"1a1c01bbd47fc00a2c39e90264f33305004495a9","hash":"158fda1a4b3a6a71d78ff812a8087400046ab4e7"}
,"C:\\code\\planning-teimas\\firebase\\config.ts": {"path":"C:\\code\\planning-teimas\\firebase\\config.ts","statementMap":{"0":{"start":{"line":9,"column":23},"end":{"line":18,"column":1}},"1":{"start":{"line":26,"column":0},"end":{"line":36,"column":1}},"2":{"start":{"line":27,"column":2},"end":{"line":27,"column":38}},"3":{"start":{"line":28,"column":2},"end":{"line":28,"column":22}},"4":{"start":{"line":29,"column":2},"end":{"line":29,"column":25}},"5":{"start":{"line":30,"column":2},"end":{"line":30,"column":30}},"6":{"start":{"line":31,"column":2},"end":{"line":31,"column":51}},"7":{"start":{"line":33,"column":2},"end":{"line":33,"column":55}},"8":{"start":{"line":35,"column":2},"end":{"line":35,"column":52}}},"fnMap":{},"branchMap":{},"s":{"0":0,"1":0,"2":0,"3":0,"4":0,"5":0,"6":0,"7":0,"8":0},"f":{},"b":{}}
,"C:\\code\\planning-teimas\\hooks\\useColorScheme.web.ts": {"path":"C:\\code\\planning-teimas\\hooks\\useColorScheme.web.ts","statementMap":{"0":{"start":{"line":8,"column":40},"end":{"line":8,"column":55}},"1":{"start":{"line":10,"column":2},"end":{"line":12,"column":9}},"2":{"start":{"line":11,"column":4},"end":{"line":11,"column":25}},"3":{"start":{"line":14,"column":22},"end":{"line":14,"column":40}},"4":{"start":{"line":16,"column":2},"end":{"line":18,"column":3}},"5":{"start":{"line":17,"column":4},"end":{"line":17,"column":23}},"6":{"start":{"line":20,"column":2},"end":{"line":20,"column":17}}},"fnMap":{"0":{"name":"useColorScheme","decl":{"start":{"line":7,"column":16},"end":{"line":7,"column":30}},"loc":{"start":{"line":7,"column":33},"end":{"line":21,"column":1}},"line":7},"1":{"name":"(anonymous_1)","decl":{"start":{"line":10,"column":12},"end":{"line":10,"column":13}},"loc":{"start":{"line":10,"column":18},"end":{"line":12,"column":3}},"line":10}},"branchMap":{"0":{"loc":{"start":{"line":16,"column":2},"end":{"line":18,"column":3}},"type":"if","locations":[{"start":{"line":16,"column":2},"end":{"line":18,"column":3}},{"start":{},"end":{}}],"line":16}},"s":{"0":0,"1":0,"2":0,"3":0,"4":0,"5":0,"6":0},"f":{"0":0,"1":0},"b":{"0":[0,0]}}
[...]
{"line":147,"column":10},"end":{"line":147,"column":27}},"39":{"start":{"line":149,"column":10},"end":{"line":149,"column":75}},"40":{"start":{"line":150,"column":10},"end":{"line":153,"column":13}},"41":{"start":{"line":154,"column":10},"end":{"line":154,"column":30}},"42":{"start":{"line":157,"column":8},"end":{"line":157,"column":56}},"43":{"start":{"line":158,"column":8},"end":{"line":161,"column":11}},"44":{"start":{"line":162,"column":8},"end":{"line":162,"column":20}},"45":{"start":{"line":167,"column":6},"end":{"line":167,"column":42}},"46":{"start":{"line":168,"column":6},"end":{"line":271,"column":7}},"47":{"start":{"line":169,"column":8},"end":{"line":169,"column":74}},"48":{"start":{"line":172,"column":30},"end":{"line":172,"column":38}},"49":{"start":{"line":173,"column":41},"end":{"line":179,"column":9}},"50":{"start":{"line":181,"column":8},"end":{"line":261,"column":9}},"51":{"start":{"line":182,"column":29},"end":{"line":182,"column":53}},"52":{"start":{"line":183,"column":27},"end":{"line":183,"column":56}},"53":{"start":{"line":186,"column":10},"end":{"line":193,"column":11}},"54":{"start":{"line":187,"column":12},"end":{"line":187,"column":59}},"55":{"start":{"line":188,"column":12},"end":{"line":191,"column":15}},"56":{"start":{"line":192,"column":12},"end":{"line":192,"column":49}},"57":{"start":{"line":196,"column":30},"end":{"line":196,"column":100}},"58":{"start":{"line":197,"column":10},"end":{"line":204,"column":11}},"59":{"start":{"line":198,"column":12},"end":{"line":198,"column":69}},"60":{"start":{"line":199,"column":12},"end":{"line":202,"column":15}},"61":{"start":{"line":203,"column":12},"end":{"line":203,"column":52}},"62":{"start":{"line":206,"column":26},"end":{"line":206,"column":48}},"63":{"start":{"line":207,"column":10},"end":{"line":207,"column":141}},"64":{"start":{"line":210,"column":33},"end":{"line":210,"column":76}},"65":{"start":{"line":211,"column":10},"end":{"line":211,"column":57}},"66":{"start":{"line":212,"column":10},"end":{"line":212,"column":70}},"67":{"start":{"line":215,"column":10},"end":{"line":215,"column":54}},"68":{"start":{"line":218,"column":30},"end":{"line":241,"column":12}},"69":{"start":{"line":219,"column":39},"end":{"line":219,"column":57}},"70":{"start":{"line":220,"column":12},"end":{"line":240,"column":13}},"71":{"start":{"line":221,"column":37},"end":{"line":221,"column":66}},"72":{"start":{"line":222,"column":14},"end":{"line":225,"column":17}},"73":{"start":{"line":228,"column":14},"end":{"line":233,"column":17}},"74":{"start":{"line":236,"column":14},"end":{"line":239,"column":15}},"75":{"start":{"line":237,"column":16},"end":{"line":237,"column":37}},"76":{"start":{"line":238,"column":16},"end":{"line":238,"column":42}},"77":{"start":{"line":244,"column":10},"end":{"line":246,"column":11}},"78":{"start":{"line":245,"column":12},"end":{"line":245,"column":33}},"79":{"start":{"line":247,"column":10},"end":{"line":247,"column":43}},"80":{"start":{"line":249,"column":10},"end":{"line":253,"column":13}},"81":{"start":{"line":255,"column":10},"end":{"line":255,"column":66}},"82":{"start":{"line":256,"column":10},"end":{"line":259,"column":13}},"83":{"start":{"line":260,"column":10},"end":{"line":260,"column":22}},"84":{"start":{"line":263,"column":8},"end":{"line":263,"column":33}},"85":{"start":{"line":265,"column":8},"end":{"line":265,"column":55}},"86":{"start":{"line":266,"column":8},"end":{"line":269,"column":11}},"87":{"start":{"line":270,"column":8},"end":{"line":270,"column":20}},"88":{"start":{"line":275,"column":53},"end":{"line":275,"column":58}},"89":{"start":{"line":276,"column":6},"end":{"line":276,"column":75}},"90":{"start":{"line":276,"column":50},"end":{"line":276,"column":75}},"91":{"start":{"line":278,"column":6},"end":{"line":278,"column":42}},"92":{"start":{"line":279,"column":6},"end":{"line":312,"column":7}},"93":{"start":{"line":281,"column":31},"end":{"line":281,"column":90}},"94":{"start":{"line":282,"column":8},"end":{"line":282,"column":37}},"95":{"start":{"line":285,"column":8},"end":{"line":288,"column":9}},"96":{"start":{"line":286,"column":10},"end":{"line":286,"column":31}},"97":{"start":{"line":287,"column":10},"end":{"line":287,"column":36}},"98":{"start":{"line":291,"column":8},"end":{"line":297,"column":9}},"99":{"start":{"line":292,"column":35},"end":{"line":292,"column":82}},"100":{"start":{"line":293,"column":10},"end":{"line":296,"column":11}},"101":{"start":{"line":294,"column":31},"end":{"line":294,"column":63}},"102":{"start":{"line":295,"column":12},"end":{"line":295,"column":37}},"103":{"start":{"line":299,"column":8},"end":{"line":303,"column":11}},"104":{"start":{"line":305,"column":8},"end":{"line":305,"column":33}},"105":{"start":{"line":307,"column":8},"end":{"line":310,"column":11}},"106":{"start":{"line":311,"column":8},"end":{"line":311,"column":33}},"107":{"start":{"line":316,"column":53},"end":{"line":316,"column":58}},"108":{"start":{"line":317,"column":6},"end":{"line":317,"column":75}},"109":{"start":{"line":317,"column":50},"end":{"line":317,"column":75}},"110":{"start":{"line":319,"column":6},"end":{"line":319,"column":42}},"111":{"start":{"line":320,"column":6},"end":{"line":342,"column":7}},"112":{"start":{"line":322,"column":31},"end":{"line":322,"column":90}},"113":{"start":{"line":323,"column":8},"end":{"line":323,"column":47}},"114":{"start":{"line":325,"column":35},"end":{"line":328,"column":9}},"115":{"start":{"line":330,"column":8},"end":{"line":333,"column":11}},"116":{"start":{"line":335,"column":8},"end":{"line":335,"column":33}},"117":{"start":{"line":337,"column":8},"end":{"line":340,"column":11}},"118":{"start":{"line":341,"column":8},"end":{"line":341,"column":33}},"119":{"start":{"line":346,"column":33},"end":{"line":346,"column":38}},"120":{"start":{"line":347,"column":6},"end":{"line":347,"column":52}},"121":{"start":{"line":347,"column":27},"end":{"line":347,"column":52}},"122":{"start":{"line":349,"column":6},"end":{"line":349,"column":42}},"123":{"start":{"line":350,"column":6},"end":{"line":366,"column":7}},"124":{"start":{"line":352,"column":27},"end":{"line":352,"column":59}},"125":{"start":{"line":353,"column":8},"end":{"line":353,"column":55}},"126":{"start":{"line":355,"column":8},"end":{"line":357,"column":11}},"127":{"start":{"line":359,"column":8},"end":{"line":359,"column":33}},"128":{"start":{"line":361,"column":8},"end":{"line":364,"column":11}},"129":{"start":{"line":365,"column":8},"end":{"line":365,"column":33}},"130":{"start":{"line":370,"column":33},"end":{"line":370,"column":38}},"131":{"start":{"line":371,"column":6},"end":{"line":371,"column":52}},"132":{"start":{"line":371,"column":27},"end":{"line":371,"column":52}},"133":{"start":{"line":373,"column":6},"end":{"line":373,"column":42}},"134":{"start":{"line":374,"column":6},"end":{"line":415,"column":7}},"135":{"start":{"line":376,"column":27},"end":{"line":376,"column":59}},"136":{"start":{"line":379,"column":8},"end":{"line":379,"column":56}},"137":{"start":{"line":382,"column":56},"end":{"line":382,"column":58}},"138":{"start":{"line":384,"column":8},"end":{"line":386,"column":11}},"139":{"start":{"line":385,"column":10},"end":{"line":385,"column":74}},"140":{"start":{"line":388,"column":8},"end":{"line":388,"column":53}},"141":{"start":{"line":391,"column":39},"end":{"line":391,"column":44}},"142":{"start":{"line":392,"column":8},"end":{"line":406,"column":9}},"143":{"start":{"line":393,"column":37},"end":{"line":396,"column":11}},"144":{"start":{"line":398,"column":10},"end":{"line":401,"column":13}},"145":{"start":{"line":403,"column":10},"end":{"line":405,"column":13}},"146":{"start":{"line":408,"column":8},"end":{"line":408,"column":33}},"147":{"start":{"line":410,"column":8},"end":{"line":413,"column":11}},"148":{"start":{"line":414,"column":8},"end":{"line":414,"column":33}}},"fnMap":{"0":{"name":"(anonymous_0)","decl":{"start":{"line":22,"column":22},"end":{"line":22,"column":23}},"loc":{"start":{"line":22,"column":64},"end":{"line":22,"column":110}},"line":22},"1":{"name":"(anonymous_1)","decl":{"start":{"line":23,"column":26},"end":{"line":23,"column":27}},"loc":{"start":{"line":24,"column":2},"end":{"line":24,"column":78}},"line":24},"2":{"name":"(anonymous_2)","decl":{"start":{"line":44,"column":28},"end":{"line":44,"column":29}},"loc":{"start":{"line":44,"column":61},"end":{"line":61,"column":1}},"line":44},"3":{"name":"(anonymous_3)","decl":{"start":{"line":80,"column":45},"end":{"line":80,"column":46}},"loc":{"start":{"line":80,"column":59},"end":{"line":418,"column":1}},"line":80},"4":{"name":"(anonymous_4)","decl":{"start":{"line":90,"column":19},"end":{"line":90,"column":20}},"loc":{"start":{"line":90,"column":50},"end":{"line":164,"column":5}},"line":90},"5":{"name":"(anonymous_5)","decl":{"start":{"line":123,"column":50},"end":{"line":123,"column":51}},"loc":{"start":{"line":123,"column":82},"end":{"line":132,"column":11}},"line":123},"6":{"name":"(anonymous_6)","decl":{"start":{"line":166,"column":17},"end":{"line":166,"column":18}},"loc":{"start":{"line":166,"column":71},"end":{"line":272,"column":5}},"line":166},"7":{"name":"(anonymous_7)","decl":{"start":{"line":218,"column":50},"end":{"line":218,"column":51}},"loc":{"start":{"line":218,"column":82},"end":{"line":241,"column":11}},"line":218},"8":{"name":"(anonymous_8)","decl":{"start":{"line":274,"column":18},"end":{"line":274,"column":19}},"loc":{"start":{"line":274,"column":30},"end":{"line":313,"column":5}},"line":274},"9":{"name":"(anonymous_9)","decl":{"start":{"line":315,"column":14},"end":{"line":315,"column":15}},"loc":{"start":{"line":315,"column":38},"end":{"line":343,"column":5}},"line":315},"10":{"name":"(anonymous_10)","decl":{"start":{"line":345,"column":17},"end":{"line":345,"column":18}},"loc":{"start":{"line":345,"column":29},"end":{"line":367,"column":5}},"line":345},"11":{"name":"(anonymous_11)","decl":{"start":{"line":369,"column":16},"end":{"line":369,"column":17}},"loc":{"start":{"line":369,"column":28},"end":{"line":416,"column":5}},"line":369},"12":{"name":"(anonymous_12)","decl":{"start":{"line":384,"column":57},"end":{"line":384,"column":58}},"loc":{"start":{"line":384,"column":74},"end":{"line":386,"column":9}},"line":384}},"branchMap":{"0":{"loc":{"start":{"line":45,"column":2},"end":{"line":45,"column":25}},"type":"if","locations":[{"start":{"line":45,"column":2},"end":{"line":45,"column":25}},{"start":{},"end":{}}],"line":45},"1":{"loc":{"start":{"line":51,"column":2},"end":{"line":57,"column":3}},"type":"if","locations":[{"start":{"line":51,"column":2},"end":{"line":57,"column":3}},{"start":{"line":54,"column":9},"end":{"line":57,"column":3}}],"line":51},"2":{"loc":{"start":{"line":56,"column":15},"end":{"line":56,"column":69}},"type":"cond-expr","locations":[{"start":{"line":56,"column":34},"end":{"line":56,"column":54}},{"start":{"line":56,"column":57},"end":{"line":56,"column":69}}],"line":56},"3":{"loc":{"start":{"line":125,"column":12},"end":{"line":131,"column":13}},"type":"if","locations":[{"start":{"line":125,"column":12},"end":{"line":131,"column":13}},{"start":{},"end":{}}],"line":125},"4":{"loc":{"start":{"line":135,"column":10},"end":{"line":137,"column":11}},"type":"if","locations":[{"start":{"line":135,"column":10},"end":{"line":137,"column":11}},{"start":{},"end":{}}],"line":135},"5":{"loc":{"start":{"line":151,"column":19},"end":{"line":151,"column":112}},"type":"cond-expr","locations":[{"start":{"line":151,"column":52},"end":{"line":151,"column":73}},{"start":{"line":151,"column":76},"end":{"line":151,"column":112}}],"line":151},"6":{"loc":{"start":{"line":159,"column":17},"end":{"line":159,"column":84}},"type":"cond-expr","locations":[{"start":{"line":159,"column":42},"end":{"line":159,"column":55}},{"start":{"line":159,"column":58},"end":{"line":159,"column":84}}],"line":159},"7":{"loc":{"start":{"line":186,"column":10},"end":{"line":193,"column":11}},"type":"if","locations":[{"start":{"line":186,"column":10},"end":{"line":193,"column":11}},{"start":{},"end":{}}],"line":186},"8":{"loc":{"start":{"line":186,"column":14},"end":{"line":186,"column":85}},"type":"binary-expr","locations":[{"start":{"line":186,"column":14},"end":{"line":186,"column":22}},{"start":{"line":186,"column":26},"end":{"line":186,"column":63}},{"start":{"line":186,"column":67},"end":{"line":186,"column":85}}],"line":186},"9":{"loc":{"start":{"line":196,"column":30},"end":{"line":196,"column":100}},"type":"cond-expr","locations":[{"start":{"line":196,"column":79},"end":{"line":196,"column":93}},{"start":{"line":196,"column":96},"end":{"line":196,"column":100}}],"line":196},"10":{"loc":{"start":{"line":196,"column":30},"end":{"line":196,"column":76}},"type":"binary-expr","locations":[{"start":{"line":196,"column":30},"end":{"line":196,"column":38}},{"start":{"line":196,"column":42},"end":{"line":196,"column":76}}],"line":196},"11":{"loc":{"start":{"line":197,"column":10},"end":{"line":204,"column":11}},"type":"if","locations":[{"start":{"line":197,"column":10},"end":{"line":204,"column":11}},{"start":{},"end":{}}],"line":197},"12":{"loc":{"start":{"line":207,"column":89},"end":{"line":207,"column":115}},"type":"binary-expr","locations":[{"start":{"line":207,"column":89},"end":{"line":207,"column":109}},{"start":{"line":207,"column":113},"end":{"line":207,"column":115}}],"line":207},"13":{"loc":{"start":{"line":220,"column":12},"end":{"line":240,"column":13}},"type":"if","locations":[{"start":{"line":220,"column":12},"end":{"line":240,"column":13}},{"start":{"line":226,"column":19},"end":{"line":240,"column":13}}],"line":220},"14":{"loc":{"start":{"line":236,"column":14},"end":{"line":239,"column":15}},"type":"if","locations":[{"start":{"line":236,"column":14},"end":{"line":239,"column":15}},{"start":{},"end":{}}],"line":236},"15":{"loc":{"start":{"line":244,"column":10},"end":{"line":246,"column":11}},"type":"if","locations":[{"start":{"line":244,"column":10},"end":{"line":246,"column":11}},{"start":{},"end":{}}],"line":244},"16":{"loc":{"start":{"line":257,"column":19},"end":{"line":257,"column":98}},"type":"cond-expr","locations":[{"start":{"line":257,"column":44},"end":{"line":257,"column":57}},{"start":{"line":257,"column":60},"end":{"line":257,"column":98}}],"line":257},"17":{"loc":{"start":{"line":267,"column":17},"end":{"line":267,"column":82}},"type":"cond-expr","locations":[{"start":{"line":267,"column":42},"end":{"line":267,"column":55}},{"start":{"line":267,"column":58},"end":{"line":267,"column":82}}],"line":267},"18":{"loc":{"start":{"line":276,"column":6},"end":{"line":276,"column":75}},"type":"if","locations":[{"start":{"line":276,"column":6},"end":{"line":276,"column":75}},{"start":{},"end":{}}],"line":276},"19":{"loc":{"start":{"line":276,"column":10},"end":{"line":276,"column":48}},"type":"binary-expr","locations":[{"start":{"line":276,"column":10},"end":{"line":276,"column":25}},{"start":{"line":276,"column":29},"end":{"line":276,"column":48}}],"line":276},"20":{"loc":{"start":{"line":285,"column":8},"end":{"line":288,"column":9}},"type":"if","locations":[{"start":{"line":285,"column":8},"end":{"line":288,"column":9}},{"start":{},"end":{}}],"line":285},"21":{"loc":{"start":{"line":291,"column":8},"end":{"line":297,"column":9}},"type":"if","locations":[{"start":{"line":291,"column":8},"end":{"line":297,"column":9}},{"start":{},"end":{}}],"line":291},"22":{"loc":{"start":{"line":293,"column":10},"end":{"line":296,"column":11}},"type":"if","locations":[{"start":{"line":293,"column":10},"end":{"line":296,"column":11}},{"start":{},"end":{}}],"line":293},"23":{"loc":{"start":{"line":308,"column":17},"end":{"line":308,"column":83}},"type":"cond-expr","locations":[{"start":{"line":308,"column":42},"end":{"line":308,"column":55}},{"start":{"line":308,"column":58},"end":{"line":308,"column":83}}],"line":308},"24":{"loc":{"start":{"line":317,"column":6},"end":{"line":317,"column":75}},"type":"if","locations":[{"start":{"line":317,"column":6},"end":{"line":317,"column":75}},{"start":{},"end":{}}],"line":317},"25":{"loc":{"start":{"line":317,"column":10},"end":{"line":317,"column":48}},"type":"binary-expr","locations":[{"start":{"line":317,"column":10},"end":{"line":317,"column":25}},{"start":{"line":317,"column":29},"end":{"line":317,"column":48}}],"line":317},"26":{"loc":{"start":{"line":338,"column":17},"end":{"line":338,"column":79}},"type":"cond-expr","locations":[{"start":{"line":338,"column":42},"end":{"line":338,"column":55}},{"start":{"line":338,"column":58},"end":{"line":338,"column":79}}],"line":338},"27":{"loc":{"start":{"line":347,"column":6},"end":{"line":347,"column":52}},"type":"if","locations":[{"start":{"line":347,"column":6},"end":{"line":347,"column":52}},{"start":{},"end":{}}],"line":347},"28":{"loc":{"start":{"line":362,"column":17},"end":{"line":362,"column":82}},"type":"cond-expr","locations":[{"start":{"line":362,"column":42},"end":{"line":362,"column":55}},{"start":{"line":362,"column":58},"end":{"line":362,"column":82}}],"line":362},"29":{"loc":{"start":{"line":371,"column":6},"end":{"line":371,"column":52}},"type":"if","locations":[{"start":{"line":371,"column":6},"end":{"line":371,"column":52}},{"start":{},"end":{}}],"line":371},"30":{"loc":{"start":{"line":392,"column":8},"end":{"line":406,"column":9}},"type":"if","locations":[{"start":{"line":392,"column":8},"end":{"line":406,"column":9}},{"start":{"line":402,"column":15},"end":{"line":406,"column":9}}],"line":392},"31":{"loc":{"start":{"line":411,"column":17},"end":{"line":411,"column":81}},"type":"cond-expr","locations":[{"start":{"line":411,"column":42},"end":{"line":411,"column":55}},{"start":{"line":411,"column":58},"end":{"line":411,"column":81}}],"line":411}},"s":{"0":0,"1":0,"2":0,"3":0,"4":0,"5":0,"6":0,"7":0,"8":0,"9":0,"10":0,"11":0,"12":0,"13":0,"14":0,"15":0,"16":0,"17":0,"18":0,"19":0,"20":0,"21":0,"22":0,"23":0,"24":0,"25":0,"26":0,"27":0,"28":0,"29":0,"30":0,"31":0,"32":0,"33":0,"34":0,"35":0,"36":0,"37":0,"38":0,"39":0,"40":0,"41":0,"42":0,"43":0,"44":0,"45":0,"46":0,"47":0,"48":0,"49":0,"50":0,"51":0,"52":0,"53":0,"54":0,"55":0,"56":0,"57":0,"58":0,"59":0,"60":0,"61":0,"62":0,"63":0,"64":0,"65":0,"66":0,"67":0,"68":0,"69":0,"70":0,"71":0,"72":0,"73":0,"74":0,"75":0,"76":0,"77":0,"78":0,"79":0,"80":0,"81":0,"82":0,"83":0,"84":0,"85":0,"86":0,"87":0,"88":0,"89":0,"90":0,"91":0,"92":0,"93":0,"94":0,"95":0,"96":0,"97":0,"98":0,"99":0,"100":0,"101":0,"102":0,"103":0,"104":0,"105":0,"106":0,"107":0,"108":0,"109":0,"110":0,"111":0,"112":0,"113":0,"114":0,"115":0,"116":0,"117":0,"118":0,"119":0,"120":0,"121":0,"122":0,"123":0,"124":0,"125":0,"126":0,"127":0,"128":0,"129":0,"130":0,"131":0,"132":0,"133":0,"134":0,"135":0,"136":0,"137":0,"138":0,"139":0,"140":0,"141":0,"142":0,"143":0,"144":0,"145":0,"146":0,"147":0,"148":0},"f":{"0":0,"1":0,"2":0,"3":0,"4":0,"5":0,"6":0,"7":0,"8":0,"9":0,"10":0,"11":0,"12":0},"b":{"0":[0,0],"1":[0,0],"2":[0,0],"3":[0,0],"4":[0,0],"5":[0,0],"6":[0,0],"7":[0,0],"8":[0,0,0],"9":[0,0],"10":[0,0],"11":[0,0],"12":[0,0],"13":[0,0],"14":[0,0],"15":[0,0],"16":[0,0],"17":[0,0],"18":[0,0],"19":[0,0],"20":[0,0],"21":[0,0],"22":[0,0],"23":[0,0],"24":[0,0],"25":[0,0],"26":[0,0],"27":[0,0],"28":[0,0],"29":[0,0],"30":[0,0],"31":[0,0]}}
,"C:\\code\\planning-teimas\\stores\\userStore.ts": {"path":"C:\\code\\planning-teimas\\stores\\userStore.ts","statementMap":{"0":{"start":{"line":8,"column":28},"end":{"line":11,"column":3}},"1":{"start":{"line":8,"column":56},"end":{"line":11,"column":1}},"2":{"start":{"line":10,"column":29},"end":{"line":10,"column":42}}},"fnMap":{"0":{"name":"(anonymous_0)","decl":{"start":{"line":8,"column":46},"end":{"line":8,"column":47}},"loc":{"start":{"line":8,"column":56},"end":{"line":11,"column":1}},"line":8},"1":{"name":"(anonymous_1)","decl":{"start":{"line":10,"column":11},"end":{"line":10,"column":12}},"loc":{"start":{"line":10,"column":29},"end":{"line":10,"column":42}},"line":10}},"branchMap":{},"s":{"0":0,"1":0,"2":0},"f":{"0":0,"1":0},"b":{}}
}
