TN:
SF:expo-env.d.ts
FNF:0
FNH:0
LF:0
LH:0
BRF:0
BRH:0
end_of_record
TN:
SF:.expo\types\router.d.ts
FNF:0
FNH:0
LF:0
LH:0
BRF:0
BRH:0
end_of_record
TN:
SF:app\_layout.tsx
FN:20,RootLayout
FNF:1
FNH:0
FNDA:0,RootLayout
DA:21,0
LF:1
LH:0
BRF:0
BRH:0
end_of_record
TN:
SF:app\home.tsx
FN:12,HomeScreen
FN:17,(anonymous_1)
FN:21,(anonymous_2)
FN:28,(anonymous_3)
FN:43,(anonymous_4)
FN:57,(anonymous_5)
FN:71,(anonymous_6)
FNF:7
FNH:0
FNDA:0,HomeScreen
FNDA:0,(anonymous_1)
FNDA:0,(anonymous_2)
FNDA:0,(anonymous_3)
FNDA:0,(anonymous_4)
FNDA:0,(anonymous_5)
FNDA:0,(anonymous_6)
DA:13,0
DA:14,0
DA:15,0
DA:17,0
DA:19,0
DA:21,0
DA:22,0
DA:23,0
DA:24,0
DA:25,0
DA:28,0
DA:29,0
DA:35,0
DA:36,0
DA:43,0
DA:44,0
DA:45,0
DA:49,0
DA:52,0
DA:53,0
DA:54,0
DA:57,0
DA:58,0
DA:64,0
DA:71,0
DA:72,0
DA:73,0
DA:76,0
DA:140,0
LF:29
LH:0
BRDA:24,0,0,0
BRDA:24,0,1,0
BRDA:38,1,0,0
BRDA:38,1,1,0
BRDA:44,2,0,0
BRDA:44,2,1,0
BRDA:54,3,0,0
BRDA:54,3,1,0
BRDA:66,4,0,0
BRDA:66,4,1,0
BRDA:84,5,0,0
BRDA:84,5,1,0
BRDA:123,6,0,0
BRDA:123,6,1,0
BRF:14
BRH:0
end_of_record
TN:
SF:app\index.tsx
FN:3,Index
FNF:1
FNH:0
FNDA:0,Index
DA:4,0
LF:1
LH:0
BRF:0
BRH:0
end_of_record
TN:
SF:app\login.tsx
FN:11,LoginScreen
FN:15,(anonymous_1)
FNF:2
FNH:0
FNDA:0,LoginScreen
FNDA:0,(anonymous_1)
DA:12,0
DA:13,0
DA:15,0
DA:16,0
DA:17,0
DA:18,0
DA:24,0
DA:52,0
LF:8
LH:0
BRDA:16,0,0,0
BRDA:16,0,1,0
BRF:2
BRH:0
end_of_record
TN:
SF:app\planning-poker.tsx
FN:14,PlanningPokerScreen
FN:20,(anonymous_1)
FN:26,(anonymous_2)
FN:31,(anonymous_3)
FN:53,(anonymous_4)
FN:69,(anonymous_5)
FN:76,(anonymous_6)
FNF:7
FNH:0
FNDA:0,PlanningPokerScreen
FNDA:0,(anonymous_1)
FNDA:0,(anonymous_2)
FNDA:0,(anonymous_3)
FNDA:0,(anonymous_4)
FNDA:0,(anonymous_5)
FNDA:0,(anonymous_6)
DA:12,0
DA:15,0
DA:16,0
DA:17,0
DA:18,0
DA:20,0
DA:21,0
DA:22,0
DA:26,0
DA:27,0
DA:28,0
DA:31,0
DA:32,0
DA:33,0
DA:37,0
DA:70,0
DA:76,0
DA:103,0
LF:18
LH:0
BRDA:21,0,0,0
BRDA:21,0,1,0
BRDA:22,1,0,0
BRDA:22,1,1,0
BRDA:32,2,0,0
BRDA:32,2,1,0
BRDA:48,3,0,0
BRDA:48,3,1,0
BRDA:94,4,0,0
BRDA:94,4,1,0
BRF:10
BRH:0
end_of_record
TN:
SF:app\planning-session.tsx
FN:34,PlanningSessionScreen
FN:54,(anonymous_1)
FN:60,(anonymous_2)
FN:63,(anonymous_3)
FN:74,(anonymous_4)
FN:83,(anonymous_5)
FN:85,(anonymous_6)
FN:92,(anonymous_7)
FN:101,(anonymous_8)
FN:106,(anonymous_9)
FN:111,(anonymous_10)
FN:116,(anonymous_11)
FN:128,(anonymous_12)
FN:136,(anonymous_13)
FN:140,(anonymous_14)
FN:141,(anonymous_15)
FN:146,(anonymous_16)
FN:147,(anonymous_17)
FN:151,(anonymous_18)
FN:158,(anonymous_19)
FN:166,(anonymous_20)
FN:170,(anonymous_21)
FN:194,(anonymous_22)
FN:200,(anonymous_23)
FN:210,(anonymous_24)
FN:221,(anonymous_25)
FN:225,(anonymous_26)
FN:232,(anonymous_27)
FN:273,(anonymous_28)
FN:302,(anonymous_29)
FN:322,(anonymous_30)
FN:341,(anonymous_31)
FN:349,(anonymous_32)
FN:358,(anonymous_33)
FN:378,(anonymous_34)
FN:412,(anonymous_35)
FN:424,(anonymous_36)
FN:442,(anonymous_37)
FNF:38
FNH:0
FNDA:0,PlanningSessionScreen
FNDA:0,(anonymous_1)
FNDA:0,(anonymous_2)
FNDA:0,(anonymous_3)
FNDA:0,(anonymous_4)
FNDA:0,(anonymous_5)
FNDA:0,(anonymous_6)
FNDA:0,(anonymous_7)
FNDA:0,(anonymous_8)
FNDA:0,(anonymous_9)
FNDA:0,(anonymous_10)
FNDA:0,(anonymous_11)
FNDA:0,(anonymous_12)
FNDA:0,(anonymous_13)
FNDA:0,(anonymous_14)
FNDA:0,(anonymous_15)
FNDA:0,(anonymous_16)
FNDA:0,(anonymous_17)
FNDA:0,(anonymous_18)
FNDA:0,(anonymous_19)
FNDA:0,(anonymous_20)
FNDA:0,(anonymous_21)
FNDA:0,(anonymous_22)
FNDA:0,(anonymous_23)
FNDA:0,(anonymous_24)
FNDA:0,(anonymous_25)
FNDA:0,(anonymous_26)
FNDA:0,(anonymous_27)
FNDA:0,(anonymous_28)
FNDA:0,(anonymous_29)
FNDA:0,(anonymous_30)
FNDA:0,(anonymous_31)
FNDA:0,(anonymous_32)
FNDA:0,(anonymous_33)
FNDA:0,(anonymous_34)
FNDA:0,(anonymous_35)
FNDA:0,(anonymous_36)
FNDA:0,(anonymous_37)
DA:17,0
DA:20,0
DA:35,0
DA:36,0
DA:37,0
DA:48,0
DA:51,0
DA:54,0
DA:55,0
DA:56,0
DA:57,0
DA:59,0
DA:61,0
DA:64,0
DA:65,0
DA:68,0
DA:69,0
DA:74,0
DA:76,0
DA:77,0
DA:79,0
DA:83,0
DA:85,0
DA:86,0
DA:87,0
DA:92,0
DA:93,0
DA:95,0
DA:96,0
DA:97,0
DA:101,0
DA:102,0
DA:103,0
DA:106,0
DA:107,0
DA:108,0
DA:111,0
DA:112,0
DA:113,0
DA:116,0
DA:117,0
DA:119,0
DA:120,0
DA:124,0
DA:128,0
DA:129,0
DA:131,0
DA:132,0
DA:136,0
DA:137,0
DA:139,0
DA:140,0
DA:141,0
DA:143,0
DA:146,0
DA:147,0
DA:150,0
DA:151,0
DA:152,0
DA:155,0
DA:156,0
DA:158,0
DA:159,0
DA:160,0
DA:161,0
DA:166,0
DA:172,0
DA:173,0
DA:175,0
DA:176,0
DA:179,0
DA:180,0
DA:182,0
DA:185,0
DA:194,0
DA:195,0
DA:197,0
DA:200,0
DA:201,0
DA:202,0
DA:203,0
DA:205,0
DA:210,0
DA:212,0
DA:213,0
DA:214,0
DA:217,0
DA:221,0
DA:222,0
DA:224,0
DA:225,0
DA:228,0
DA:229,0
DA:230,0
DA:232,0
DA:233,0
DA:234,0
DA:235,0
DA:237,0
DA:273,0
DA:274,0
DA:277,0
DA:280,0
DA:299,0
DA:302,0
DA:303,0
DA:304,0
DA:305,0
DA:306,0
DA:308,0
DA:322,0
DA:323,0
DA:325,0
DA:341,0
DA:342,0
DA:358,0
DA:364,0
DA:365,0
DA:366,0
DA:368,0
DA:378,0
DA:387,0
DA:412,0
DA:425,0
DA:442,0
DA:501,0
LF:126
LH:0
BRDA:55,0,0,0
BRDA:55,0,1,0
BRDA:55,1,0,0
BRDA:55,1,1,0
BRDA:65,2,0,0
BRDA:65,2,1,0
BRDA:69,3,0,0
BRDA:69,3,1,0
BRDA:76,4,0,0
BRDA:76,4,1,0
BRDA:86,5,0,0
BRDA:86,5,1,0
BRDA:93,6,0,0
BRDA:93,6,1,0
BRDA:95,7,0,0
BRDA:95,7,1,0
BRDA:96,8,0,0
BRDA:96,8,1,0
BRDA:107,9,0,0
BRDA:107,9,1,0
BRDA:107,10,0,0
BRDA:107,10,1,0
BRDA:112,11,0,0
BRDA:112,11,1,0
BRDA:112,12,0,0
BRDA:112,12,1,0
BRDA:117,13,0,0
BRDA:117,13,1,0
BRDA:129,14,0,0
BRDA:129,14,1,0
BRDA:137,15,0,0
BRDA:137,15,1,0
BRDA:137,16,0,0
BRDA:137,16,1,0
BRDA:141,17,0,0
BRDA:141,17,1,0
BRDA:143,18,0,0
BRDA:143,18,1,0
BRDA:152,19,0,0
BRDA:152,19,1,0
BRDA:159,20,0,0
BRDA:159,20,1,0
BRDA:175,21,0,0
BRDA:175,21,1,0
BRDA:175,22,0,0
BRDA:175,22,1,0
BRDA:179,23,0,0
BRDA:179,23,1,0
BRDA:180,24,0,0
BRDA:180,24,1,0
BRDA:195,25,0,0
BRDA:195,25,1,0
BRDA:195,26,0,0
BRDA:195,26,1,0
BRDA:201,27,0,0
BRDA:201,27,1,0
BRDA:202,28,0,0
BRDA:202,28,1,0
BRDA:212,29,0,0
BRDA:212,29,1,0
BRDA:212,30,0,0
BRDA:212,30,1,0
BRDA:213,31,0,0
BRDA:213,31,1,0
BRDA:213,32,0,0
BRDA:213,32,1,0
BRDA:222,33,0,0
BRDA:222,33,1,0
BRDA:222,34,0,0
BRDA:222,34,1,0
BRDA:225,35,0,0
BRDA:225,35,1,0
BRDA:240,36,0,0
BRDA:240,36,1,0
BRDA:241,37,0,0
BRDA:241,37,1,0
BRDA:250,38,0,0
BRDA:250,38,1,0
BRDA:252,39,0,0
BRDA:252,39,1,0
BRDA:253,40,0,0
BRDA:253,40,1,0
BRDA:258,41,0,0
BRDA:258,41,1,0
BRDA:260,42,0,0
BRDA:260,42,1,0
BRDA:263,43,0,0
BRDA:263,43,1,0
BRDA:264,44,0,0
BRDA:264,44,1,0
BRDA:274,45,0,0
BRDA:274,45,1,0
BRDA:299,46,0,0
BRDA:299,46,1,0
BRDA:322,47,0,0
BRDA:331,48,0,0
BRDA:331,48,1,0
BRDA:353,49,0,0
BRDA:353,49,1,0
BRDA:364,50,0,0
BRDA:364,50,1,0
BRDA:364,51,0,0
BRDA:364,51,1,0
BRDA:372,52,0,0
BRDA:372,52,1,0
BRDA:406,53,0,0
BRDA:406,53,1,0
BRDA:406,53,2,0
BRDA:446,54,0,0
BRDA:446,54,1,0
BRDA:446,54,2,0
BRDA:458,55,0,0
BRDA:458,55,1,0
BRDA:471,56,0,0
BRDA:471,56,1,0
BRDA:474,57,0,0
BRDA:474,57,1,0
BRDA:475,58,0,0
BRDA:475,58,1,0
BRF:119
BRH:0
end_of_record
TN:
SF:components\AnimatedParticipant.tsx
FN:24,AnimatedParticipant
FN:41,(anonymous_1)
FN:59,(anonymous_2)
FNF:3
FNH:3
FNDA:5,AnimatedParticipant
FNDA:5,(anonymous_1)
FNDA:5,(anonymous_2)
DA:33,5
DA:36,5
DA:37,5
DA:38,5
DA:41,5
DA:42,5
DA:59,5
DA:60,5
DA:61,1
DA:78,5
DA:119,1
LF:11
LH:11
BRDA:26,0,0,4
BRDA:27,1,0,4
BRDA:28,2,0,4
BRDA:30,3,0,4
BRDA:60,4,0,1
BRDA:60,4,1,4
BRDA:81,5,0,5
BRDA:81,5,1,1
BRDA:82,6,0,5
BRDA:82,6,1,4
BRDA:97,7,0,5
BRDA:97,7,1,4
BRDA:101,8,0,4
BRDA:101,8,1,3
BRDA:104,9,0,4
BRDA:104,9,1,1
BRDA:105,10,0,4
BRDA:105,10,1,1
BRDA:108,11,0,4
BRDA:108,11,1,1
BRF:20
BRH:20
end_of_record
TN:
SF:components\AnimatedPlanningCard.tsx
FN:20,AnimatedPlanningCard
FN:32,(anonymous_1)
FN:65,(anonymous_2)
FN:93,(anonymous_3)
FN:128,(anonymous_4)
FNF:5
FNH:5
FNDA:6,AnimatedPlanningCard
FNDA:6,(anonymous_1)
FNDA:4,(anonymous_2)
FNDA:6,(anonymous_3)
FNDA:1,(anonymous_4)
DA:27,6
DA:28,6
DA:29,6
DA:32,6
DA:33,6
DA:34,2
DA:48,4
DA:65,6
DA:66,4
DA:67,0
DA:87,6
DA:93,6
DA:94,6
DA:95,0
DA:105,6
DA:126,6
DA:128,1
DA:156,1
LF:18
LH:16
BRDA:22,0,0,0
BRDA:24,1,0,6
BRDA:33,2,0,2
BRDA:33,2,1,4
BRDA:66,3,0,0
BRDA:66,3,1,4
BRDA:94,4,0,0
BRDA:94,4,1,6
BRDA:135,5,0,6
BRDA:135,5,1,2
BRDA:147,6,0,6
BRDA:147,6,1,2
BRF:12
BRH:9
end_of_record
TN:
SF:components\AnimatedResults.tsx
FN:25,AnimatedResults
FN:33,(anonymous_1)
FN:36,(anonymous_2)
FN:38,(anonymous_3)
FN:49,(anonymous_4)
FN:92,(anonymous_5)
FNF:6
FNH:6
FNDA:3,AnimatedResults
FNDA:6,(anonymous_1)
FNDA:3,(anonymous_2)
FNDA:6,(anonymous_3)
FNDA:6,(anonymous_4)
FNDA:6,(anonymous_5)
DA:31,3
DA:32,3
DA:33,6
DA:36,3
DA:38,6
DA:41,3
DA:49,3
DA:50,6
DA:59,3
DA:63,3
DA:64,1
DA:73,2
DA:93,6
DA:122,1
LF:14
LH:14
BRDA:26,0,0,0
BRDA:63,1,0,1
BRDA:63,1,1,2
BRDA:63,2,0,3
BRDA:63,2,1,2
BRF:5
BRH:4
end_of_record
TN:
SF:components\Button.tsx
FN:22,Button
FNF:1
FNH:0
FNDA:0,Button
DA:32,0
DA:65,0
LF:2
LH:0
BRDA:25,0,0,0
BRDA:26,1,0,0
BRDA:27,2,0,0
BRDA:36,3,0,0
BRDA:36,3,1,0
BRDA:37,4,0,0
BRDA:37,4,1,0
BRDA:38,5,0,0
BRDA:38,5,1,0
BRDA:39,6,0,0
BRDA:39,6,1,0
BRDA:43,7,0,0
BRDA:43,7,1,0
BRDA:45,8,0,0
BRDA:45,8,1,0
BRDA:51,9,0,0
BRDA:51,9,1,0
BRDA:52,10,0,0
BRDA:52,10,1,0
BRDA:53,11,0,0
BRDA:53,11,1,0
BRDA:54,12,0,0
BRDA:54,12,1,0
BRF:23
BRH:0
end_of_record
TN:
SF:components\Collapsible.tsx
FN:10,Collapsible
FN:18,(anonymous_1)
FN:18,(anonymous_2)
FNF:3
FNH:0
FNDA:0,Collapsible
FNDA:0,(anonymous_1)
FNDA:0,(anonymous_2)
DA:11,0
DA:12,0
DA:14,0
DA:18,0
DA:35,0
LF:5
LH:0
BRDA:12,0,0,0
BRDA:12,0,1,0
BRDA:24,1,0,0
BRDA:24,1,1,0
BRDA:25,2,0,0
BRDA:25,2,1,0
BRDA:30,3,0,0
BRDA:30,3,1,0
BRF:8
BRH:0
end_of_record
TN:
SF:components\ExternalLink.tsx
FN:10,ExternalLink
FN:16,(anonymous_1)
FNF:2
FNH:0
FNDA:0,ExternalLink
FNDA:0,(anonymous_1)
DA:11,0
DA:17,0
DA:19,0
DA:21,0
LF:4
LH:0
BRDA:17,0,0,0
BRDA:17,0,1,0
BRF:2
BRH:0
end_of_record
TN:
SF:components\HapticTab.tsx
FN:5,HapticTab
FN:9,(anonymous_1)
FNF:2
FNH:0
FNDA:0,HapticTab
FNDA:0,(anonymous_1)
DA:6,0
DA:10,0
DA:12,0
DA:14,0
LF:4
LH:0
BRDA:10,0,0,0
BRDA:10,0,1,0
BRF:2
BRH:0
end_of_record
TN:
SF:components\HelloWave.tsx
FN:13,HelloWave
FN:16,(anonymous_1)
FN:23,(anonymous_2)
FNF:3
FNH:0
FNDA:0,HelloWave
FNDA:0,(anonymous_1)
FNDA:0,(anonymous_2)
DA:14,0
DA:16,0
DA:17,0
DA:23,0
DA:27,0
DA:34,0
LF:6
LH:0
BRF:0
BRH:0
end_of_record
TN:
SF:components\LanguageSelector.tsx
FN:6,LanguageSelector
FN:9,(anonymous_1)
FN:20,(anonymous_2)
FN:29,(anonymous_3)
FNF:4
FNH:4
FNDA:4,LanguageSelector
FNDA:2,(anonymous_1)
FNDA:1,(anonymous_2)
FNDA:1,(anonymous_3)
DA:7,4
DA:9,4
DA:10,2
DA:13,4
DA:20,1
DA:29,1
DA:37,1
LF:7
LH:7
BRDA:18,0,0,4
BRDA:18,0,1,4
BRDA:27,1,0,4
BRDA:27,1,1,0
BRF:4
BRH:3
end_of_record
TN:
SF:components\ParallaxScrollView.tsx
FN:21,ParallaxScrollView
FN:30,(anonymous_1)
FNF:2
FNH:0
FNDA:0,ParallaxScrollView
FNDA:0,(anonymous_1)
DA:14,0
DA:26,0
DA:27,0
DA:28,0
DA:29,0
DA:30,0
DA:31,0
DA:47,0
DA:68,0
LF:9
LH:0
BRDA:26,0,0,0
BRDA:26,0,1,0
BRF:2
BRH:0
end_of_record
TN:
SF:components\PlanningCard.tsx
FN:11,(anonymous_0)
FN:19,(anonymous_1)
FNF:2
FNH:0
FNDA:0,(anonymous_0)
FNDA:0,(anonymous_1)
DA:11,0
DA:16,0
DA:19,0
DA:31,0
LF:4
LH:0
BRDA:18,0,0,0
BRDA:18,0,1,0
BRDA:23,1,0,0
BRDA:23,1,1,0
BRF:4
BRH:0
end_of_record
TN:
SF:components\ThemedText.tsx
FN:11,ThemedText
FNF:1
FNH:1
FNDA:38,ThemedText
DA:18,38
DA:20,38
DA:36,4
LF:3
LH:3
BRDA:15,0,0,38
BRDA:24,1,0,38
BRDA:24,1,1,0
BRDA:25,2,0,0
BRDA:25,2,1,38
BRDA:26,3,0,0
BRDA:26,3,1,38
BRDA:27,4,0,0
BRDA:27,4,1,38
BRDA:28,5,0,0
BRDA:28,5,1,38
BRF:11
BRH:6
end_of_record
TN:
SF:components\ThemedView.tsx
FN:10,ThemedView
FNF:1
FNH:0
FNDA:0,ThemedView
DA:11,0
DA:13,0
LF:2
LH:0
BRF:0
BRH:0
end_of_record
TN:
SF:components\ui\IconSymbol.ios.tsx
FN:4,IconSymbol
FNF:1
FNH:0
FNDA:0,IconSymbol
DA:17,0
LF:1
LH:0
BRDA:6,0,0,0
BRDA:9,1,0,0
BRF:2
BRH:0
end_of_record
TN:
SF:components\ui\IconSymbol.tsx
FN:31,IconSymbol
FNF:1
FNH:0
FNDA:0,IconSymbol
DA:9,0
DA:43,0
LF:2
LH:0
BRDA:33,0,0,0
BRF:1
BRH:0
end_of_record
TN:
SF:components\ui\TabBarBackground.ios.tsx
FN:6,BlurTabBarBackground
FN:18,useBottomTabOverflow
FNF:2
FNH:0
FNDA:0,BlurTabBarBackground
FNDA:0,useBottomTabOverflow
DA:7,0
DA:19,0
DA:20,0
DA:21,0
LF:4
LH:0
BRF:0
BRH:0
end_of_record
TN:
SF:components\ui\TabBarBackground.tsx
FN:4,useBottomTabOverflow
FNF:1
FNH:0
FNDA:0,useBottomTabOverflow
DA:5,0
LF:1
LH:0
BRF:0
BRH:0
end_of_record
TN:
SF:constants\Colors.ts
FNF:0
FNH:0
DA:6,4
DA:7,4
DA:9,4
LF:3
LH:3
BRF:0
BRH:0
end_of_record
TN:
SF:firebase\config.ts
FNF:0
FNH:0
DA:9,0
DA:26,0
DA:27,0
DA:28,0
DA:29,0
DA:30,0
DA:31,0
DA:33,0
DA:35,0
LF:9
LH:0
BRF:0
BRH:0
end_of_record
TN:
SF:hooks\useColorScheme.web.ts
FN:7,useColorScheme
FN:10,(anonymous_1)
FNF:2
FNH:0
FNDA:0,useColorScheme
FNDA:0,(anonymous_1)
DA:8,0
DA:10,0
DA:11,0
DA:14,0
DA:16,0
DA:17,0
DA:20,0
LF:7
LH:0
BRDA:16,0,0,0
BRDA:16,0,1,0
BRF:2
BRH:0
end_of_record
TN:
SF:hooks\useThemeColor.ts
FN:9,useThemeColor
FNF:1
FNH:1
FNDA:38,useThemeColor
DA:13,38
DA:14,38
DA:16,38
DA:17,0
DA:19,38
LF:5
LH:4
BRDA:13,0,0,38
BRDA:13,0,1,0
BRDA:16,1,0,0
BRDA:16,1,1,38
BRF:4
BRH:2
end_of_record
TN:
SF:src\contexts\LanguageContext.tsx
FN:16,(anonymous_0)
FN:21,(anonymous_1)
FN:28,(anonymous_2)
FN:33,(anonymous_3)
FN:34,(anonymous_4)
FN:50,(anonymous_5)
FNF:6
FNH:0
FNDA:0,(anonymous_0)
FNDA:0,(anonymous_1)
FNDA:0,(anonymous_2)
FNDA:0,(anonymous_3)
FNDA:0,(anonymous_4)
FNDA:0,(anonymous_5)
DA:13,0
DA:21,0
DA:28,0
DA:29,0
DA:30,0
DA:33,0
DA:34,0
DA:35,0
DA:36,0
DA:37,0
DA:38,0
DA:40,0
DA:42,0
DA:46,0
DA:50,0
DA:51,0
DA:52,0
DA:53,0
DA:54,0
DA:57,0
DA:61,0
LF:21
LH:0
BRDA:53,0,0,0
BRDA:53,0,1,0
BRF:2
BRH:0
end_of_record
TN:
SF:src\firebase\config.ts
FNF:0
FNH:0
DA:9,0
DA:21,0
DA:24,0
DA:25,0
DA:26,0
LF:5
LH:0
BRF:0
BRH:0
end_of_record
TN:
SF:src\i18n\index.ts
FN:31,(anonymous_0)
FN:57,(anonymous_1)
FN:69,(anonymous_2)
FNF:3
FNH:0
FNDA:0,(anonymous_0)
FNDA:0,(anonymous_1)
FNDA:0,(anonymous_2)
DA:10,0
DA:16,0
DA:31,0
DA:32,0
DA:33,0
DA:36,0
DA:37,0
DA:41,0
DA:43,0
DA:48,0
DA:49,0
DA:51,0
DA:52,0
DA:57,0
DA:58,0
DA:59,0
DA:60,0
DA:61,0
DA:63,0
DA:64,0
DA:69,0
DA:70,0
DA:71,0
LF:23
LH:0
BRDA:36,0,0,0
BRDA:36,0,1,0
BRDA:36,1,0,0
BRDA:36,1,1,0
BRDA:43,2,0,0
BRDA:43,2,1,0
BRDA:43,3,0,0
BRDA:43,3,1,0
BRF:8
BRH:0
end_of_record
TN:
SF:src\i18n\locales\en.ts
FNF:0
FNH:0
LF:0
LH:0
BRF:0
BRH:0
end_of_record
TN:
SF:src\i18n\locales\es.ts
FNF:0
FNH:0
LF:0
LH:0
BRF:0
BRH:0
end_of_record
TN:
SF:stores\sessionStore.ts
FN:22,(anonymous_0)
FN:23,(anonymous_1)
FN:44,(anonymous_2)
FN:80,(anonymous_3)
FN:90,(anonymous_4)
FN:123,(anonymous_5)
FN:166,(anonymous_6)
FN:218,(anonymous_7)
FN:274,(anonymous_8)
FN:315,(anonymous_9)
FN:345,(anonymous_10)
FN:369,(anonymous_11)
FN:384,(anonymous_12)
FNF:13
FNH:0
FNDA:0,(anonymous_0)
FNDA:0,(anonymous_1)
FNDA:0,(anonymous_2)
FNDA:0,(anonymous_3)
FNDA:0,(anonymous_4)
FNDA:0,(anonymous_5)
FNDA:0,(anonymous_6)
FNDA:0,(anonymous_7)
FNDA:0,(anonymous_8)
FNDA:0,(anonymous_9)
FNDA:0,(anonymous_10)
FNDA:0,(anonymous_11)
FNDA:0,(anonymous_12)
DA:19,0
DA:22,0
DA:23,0
DA:24,0
DA:44,0
DA:45,0
DA:48,0
DA:51,0
DA:53,0
DA:56,0
DA:60,0
DA:80,0
DA:82,0
DA:84,0
DA:91,0
DA:92,0
DA:93,0
DA:95,0
DA:96,0
DA:98,0
DA:106,0
DA:115,0
DA:117,0
DA:118,0
DA:119,0
DA:120,0
DA:123,0
DA:124,0
DA:125,0
DA:126,0
DA:127,0
DA:135,0
DA:136,0
DA:138,0
DA:140,0
DA:146,0
DA:147,0
DA:149,0
DA:150,0
DA:154,0
DA:157,0
DA:158,0
DA:162,0
DA:167,0
DA:168,0
DA:169,0
DA:172,0
DA:173,0
DA:181,0
DA:182,0
DA:183,0
DA:186,0
DA:187,0
DA:188,0
DA:192,0
DA:196,0
DA:197,0
DA:198,0
DA:199,0
DA:203,0
DA:206,0
DA:207,0
DA:210,0
DA:211,0
DA:212,0
DA:215,0
DA:218,0
DA:219,0
DA:220,0
DA:221,0
DA:222,0
DA:228,0
DA:236,0
DA:237,0
DA:238,0
DA:244,0
DA:245,0
DA:247,0
DA:249,0
DA:255,0
DA:256,0
DA:260,0
DA:263,0
DA:265,0
DA:266,0
DA:270,0
DA:275,0
DA:276,0
DA:278,0
DA:279,0
DA:281,0
DA:282,0
DA:285,0
DA:286,0
DA:287,0
DA:291,0
DA:292,0
DA:293,0
DA:294,0
DA:295,0
DA:299,0
DA:305,0
DA:307,0
DA:311,0
DA:316,0
DA:317,0
DA:319,0
DA:320,0
DA:322,0
DA:323,0
DA:325,0
DA:330,0
DA:335,0
DA:337,0
DA:341,0
DA:346,0
DA:347,0
DA:349,0
DA:350,0
DA:352,0
DA:353,0
DA:355,0
DA:359,0
DA:361,0
DA:365,0
DA:370,0
DA:371,0
DA:373,0
DA:374,0
DA:376,0
DA:379,0
DA:382,0
DA:384,0
DA:385,0
DA:388,0
DA:391,0
DA:392,0
DA:393,0
DA:398,0
DA:403,0
DA:408,0
DA:410,0
DA:414,0
LF:143
LH:0
BRDA:45,0,0,0
BRDA:45,0,1,0
BRDA:51,1,0,0
BRDA:51,1,1,0
BRDA:56,2,0,0
BRDA:56,2,1,0
BRDA:125,3,0,0
BRDA:125,3,1,0
BRDA:135,4,0,0
BRDA:135,4,1,0
BRDA:151,5,0,0
BRDA:151,5,1,0
BRDA:159,6,0,0
BRDA:159,6,1,0
BRDA:186,7,0,0
BRDA:186,7,1,0
BRDA:186,8,0,0
BRDA:186,8,1,0
BRDA:186,8,2,0
BRDA:196,9,0,0
BRDA:196,9,1,0
BRDA:196,10,0,0
BRDA:196,10,1,0
BRDA:197,11,0,0
BRDA:197,11,1,0
BRDA:207,12,0,0
BRDA:207,12,1,0
BRDA:220,13,0,0
BRDA:220,13,1,0
BRDA:236,14,0,0
BRDA:236,14,1,0
BRDA:244,15,0,0
BRDA:244,15,1,0
BRDA:257,16,0,0
BRDA:257,16,1,0
BRDA:267,17,0,0
BRDA:267,17,1,0
BRDA:276,18,0,0
BRDA:276,18,1,0
BRDA:276,19,0,0
BRDA:276,19,1,0
BRDA:285,20,0,0
BRDA:285,20,1,0
BRDA:291,21,0,0
BRDA:291,21,1,0
BRDA:293,22,0,0
BRDA:293,22,1,0
BRDA:308,23,0,0
BRDA:308,23,1,0
BRDA:317,24,0,0
BRDA:317,24,1,0
BRDA:317,25,0,0
BRDA:317,25,1,0
BRDA:338,26,0,0
BRDA:338,26,1,0
BRDA:347,27,0,0
BRDA:347,27,1,0
BRDA:362,28,0,0
BRDA:362,28,1,0
BRDA:371,29,0,0
BRDA:371,29,1,0
BRDA:392,30,0,0
BRDA:392,30,1,0
BRDA:411,31,0,0
BRDA:411,31,1,0
BRF:65
BRH:0
end_of_record
TN:
SF:stores\userStore.ts
FN:8,(anonymous_0)
FN:10,(anonymous_1)
FNF:2
FNH:0
FNDA:0,(anonymous_0)
FNDA:0,(anonymous_1)
DA:8,0
DA:10,0
LF:2
LH:0
BRF:0
BRH:0
end_of_record
